{"total": {"lines":{"total":140,"covered":110,"skipped":0,"pct":78.57},"statements":{"total":140,"covered":110,"skipped":0,"pct":78.57},"functions":{"total":27,"covered":23,"skipped":0,"pct":85.19},"branches":{"total":26,"covered":14,"skipped":0,"pct":53.85}}
,"/var/www/html/side_projects/hacker-flow/answers/answers-model.js": {"lines":{"total":7,"covered":5,"skipped":0,"pct":71.43},"functions":{"total":4,"covered":2,"skipped":0,"pct":50},"statements":{"total":7,"covered":5,"skipped":0,"pct":71.43},"branches":{"total":0,"covered":0,"skipped":0,"pct":100}}
,"/var/www/html/side_projects/hacker-flow/answers/answers-router.js": {"lines":{"total":18,"covered":15,"skipped":0,"pct":83.33},"functions":{"total":1,"covered":1,"skipped":0,"pct":100},"statements":{"total":18,"covered":15,"skipped":0,"pct":83.33},"branches":{"total":4,"covered":2,"skipped":0,"pct":50}}
,"/var/www/html/side_projects/hacker-flow/auth/auth-router.js": {"lines":{"total":33,"covered":31,"skipped":0,"pct":93.94},"functions":{"total":2,"covered":2,"skipped":0,"pct":100},"statements":{"total":33,"covered":31,"skipped":0,"pct":93.94},"branches":{"total":6,"covered":6,"skipped":0,"pct":100}}
,"/var/www/html/side_projects/hacker-flow/auth/genToken.js": {"lines":{"total":5,"covered":5,"skipped":0,"pct":100},"functions":{"total":1,"covered":1,"skipped":0,"pct":100},"statements":{"total":5,"covered":5,"skipped":0,"pct":100},"branches":{"total":0,"covered":0,"skipped":0,"pct":100}}
,"/var/www/html/side_projects/hacker-flow/questions/questions-model.js": {"lines":{"total":11,"covered":11,"skipped":0,"pct":100},"functions":{"total":8,"covered":8,"skipped":0,"pct":100},"statements":{"total":11,"covered":11,"skipped":0,"pct":100},"branches":{"total":0,"covered":0,"skipped":0,"pct":100}}
,"/var/www/html/side_projects/hacker-flow/questions/questions-router.js": {"lines":{"total":56,"covered":33,"skipped":0,"pct":58.93},"functions":{"total":6,"covered":4,"skipped":0,"pct":66.67},"statements":{"total":56,"covered":33,"skipped":0,"pct":58.93},"branches":{"total":16,"covered":6,"skipped":0,"pct":37.5}}
,"/var/www/html/side_projects/hacker-flow/users/users-model.js": {"lines":{"total":10,"covered":10,"skipped":0,"pct":100},"functions":{"total":5,"covered":5,"skipped":0,"pct":100},"statements":{"total":10,"covered":10,"skipped":0,"pct":100},"branches":{"total":0,"covered":0,"skipped":0,"pct":100}}
}
