<?xml version="1.0" encoding="UTF-8"?>
<coverage generated="1586366777774" clover="3.2.0">
  <project timestamp="1586366777774" name="All files">
    <metrics statements="112" coveredstatements="78" conditionals="18" coveredconditionals="6" methods="22" coveredmethods="16" elements="152" coveredelements="100" complexity="0" loc="112" ncloc="112" packages="4" files="7" classes="7"/>
    <package name="answers">
      <metrics statements="26" coveredstatements="14" conditionals="4" coveredconditionals="0" methods="6" coveredmethods="3"/>
      <file name="answers-model.js" path="/var/www/html/side-projects/hacker-flow/answers/answers-model.js">
        <metrics statements="8" coveredstatements="6" conditionals="0" coveredconditionals="0" methods="5" coveredmethods="3"/>
        <line num="1" count="4" type="stmt"/>
        <line num="3" count="4" type="stmt"/>
        <line num="13" count="2" type="stmt"/>
        <line num="26" count="2" type="stmt"/>
        <line num="38" count="1" type="stmt"/>
        <line num="40" count="1" type="stmt"/>
        <line num="44" count="0" type="stmt"/>
        <line num="48" count="0" type="stmt"/>
      </file>
      <file name="answers-router.js" path="/var/www/html/side-projects/hacker-flow/answers/answers-router.js">
        <metrics statements="18" coveredstatements="8" conditionals="4" coveredconditionals="0" methods="1" coveredmethods="0"/>
        <line num="1" count="3" type="stmt"/>
        <line num="2" count="3" type="stmt"/>
        <line num="4" count="3" type="stmt"/>
        <line num="5" count="3" type="stmt"/>
        <line num="6" count="3" type="stmt"/>
        <line num="9" count="3" type="stmt"/>
        <line num="11" count="3" type="stmt"/>
        <line num="18" count="0" type="stmt"/>
        <line num="19" count="0" type="stmt"/>
        <line num="20" count="0" type="stmt"/>
        <line num="28" count="0" type="stmt"/>
        <line num="29" count="0" type="stmt"/>
        <line num="30" count="0" type="cond" truecount="0" falsecount="2"/>
        <line num="31" count="0" type="stmt"/>
        <line num="33" count="0" type="stmt"/>
        <line num="35" count="0" type="stmt"/>
        <line num="36" count="0" type="stmt"/>
        <line num="41" count="3" type="stmt"/>
      </file>
    </package>
    <package name="auth">
      <metrics statements="38" coveredstatements="36" conditionals="6" coveredconditionals="6" methods="3" coveredmethods="3"/>
      <file name="auth-router.js" path="/var/www/html/side-projects/hacker-flow/auth/auth-router.js">
        <metrics statements="32" coveredstatements="30" conditionals="6" coveredconditionals="6" methods="2" coveredmethods="2"/>
        <line num="3" count="3" type="stmt"/>
        <line num="4" count="3" type="stmt"/>
        <line num="5" count="3" type="stmt"/>
        <line num="6" count="3" type="stmt"/>
        <line num="8" count="3" type="stmt"/>
        <line num="9" count="3" type="stmt"/>
        <line num="12" count="3" type="stmt"/>
        <line num="21" count="3" type="stmt"/>
        <line num="22" count="4" type="stmt"/>
        <line num="24" count="4" type="stmt"/>
        <line num="25" count="4" type="stmt"/>
        <line num="26" count="4" type="cond" truecount="2" falsecount="0"/>
        <line num="27" count="1" type="stmt"/>
        <line num="30" count="4" type="stmt"/>
        <line num="38" count="4" type="stmt"/>
        <line num="39" count="3" type="stmt"/>
        <line num="41" count="1" type="stmt"/>
        <line num="52" count="3" type="stmt"/>
        <line num="53" count="5" type="stmt"/>
        <line num="55" count="5" type="stmt"/>
        <line num="56" count="5" type="stmt"/>
        <line num="58" count="5" type="cond" truecount="2" falsecount="0"/>
        <line num="59" count="1" type="stmt"/>
        <line num="62" count="4" type="stmt"/>
        <line num="64" count="4" type="cond" truecount="2" falsecount="0"/>
        <line num="65" count="1" type="stmt"/>
        <line num="67" count="3" type="stmt"/>
        <line num="69" count="3" type="stmt"/>
        <line num="71" count="3" type="stmt"/>
        <line num="79" count="0" type="stmt"/>
        <line num="80" count="0" type="stmt"/>
        <line num="84" count="3" type="stmt"/>
      </file>
      <file name="genToken.js" path="/var/www/html/side-projects/hacker-flow/auth/genToken.js">
        <metrics statements="6" coveredstatements="6" conditionals="0" coveredconditionals="0" methods="1" coveredmethods="1"/>
        <line num="1" count="3" type="stmt"/>
        <line num="2" count="3" type="stmt"/>
        <line num="8" count="3" type="stmt"/>
        <line num="13" count="3" type="stmt"/>
        <line num="16" count="3" type="stmt"/>
        <line num="19" count="3" type="stmt"/>
      </file>
    </package>
    <package name="questions">
      <metrics statements="38" coveredstatements="18" conditionals="8" coveredconditionals="0" methods="8" coveredmethods="5"/>
      <file name="questions-model.js" path="/var/www/html/side-projects/hacker-flow/questions/questions-model.js">
        <metrics statements="8" coveredstatements="8" conditionals="0" coveredconditionals="0" methods="5" coveredmethods="5"/>
        <line num="3" count="4" type="stmt"/>
        <line num="5" count="4" type="stmt"/>
        <line num="14" count="1" type="stmt"/>
        <line num="28" count="1" type="stmt"/>
        <line num="44" count="1" type="stmt"/>
        <line num="58" count="2" type="stmt"/>
        <line num="73" count="1" type="stmt"/>
        <line num="75" count="1" type="stmt"/>
      </file>
      <file name="questions-router.js" path="/var/www/html/side-projects/hacker-flow/questions/questions-router.js">
        <metrics statements="30" coveredstatements="10" conditionals="8" coveredconditionals="0" methods="3" coveredmethods="0"/>
        <line num="2" count="3" type="stmt"/>
        <line num="3" count="3" type="stmt"/>
        <line num="6" count="3" type="stmt"/>
        <line num="7" count="3" type="stmt"/>
        <line num="8" count="3" type="stmt"/>
        <line num="10" count="3" type="stmt"/>
        <line num="18" count="3" type="stmt"/>
        <line num="19" count="0" type="stmt"/>
        <line num="20" count="0" type="stmt"/>
        <line num="21" count="0" type="cond" truecount="0" falsecount="2"/>
        <line num="22" count="0" type="stmt"/>
        <line num="26" count="0" type="stmt"/>
        <line num="28" count="0" type="stmt"/>
        <line num="29" count="0" type="stmt"/>
        <line num="39" count="3" type="stmt"/>
        <line num="40" count="0" type="stmt"/>
        <line num="41" count="0" type="stmt"/>
        <line num="42" count="0" type="stmt"/>
        <line num="43" count="0" type="cond" truecount="0" falsecount="2"/>
        <line num="44" count="0" type="stmt"/>
        <line num="48" count="0" type="stmt"/>
        <line num="50" count="0" type="stmt"/>
        <line num="60" count="3" type="stmt"/>
        <line num="66" count="0" type="stmt"/>
        <line num="67" count="0" type="stmt"/>
        <line num="68" count="0" type="stmt"/>
        <line num="77" count="0" type="stmt"/>
        <line num="78" count="0" type="stmt"/>
        <line num="80" count="0" type="stmt"/>
        <line num="85" count="3" type="stmt"/>
      </file>
    </package>
    <package name="users">
      <metrics statements="10" coveredstatements="10" conditionals="0" coveredconditionals="0" methods="5" coveredmethods="5"/>
      <file name="users-model.js" path="/var/www/html/side-projects/hacker-flow/users/users-model.js">
        <metrics statements="10" coveredstatements="10" conditionals="0" coveredconditionals="0" methods="5" coveredmethods="5"/>
        <line num="3" count="4" type="stmt"/>
        <line num="4" count="4" type="stmt"/>
        <line num="6" count="4" type="stmt"/>
        <line num="16" count="1" type="stmt"/>
        <line num="27" count="6" type="stmt"/>
        <line num="33" count="7" type="stmt"/>
        <line num="40" count="7" type="stmt"/>
        <line num="47" count="6" type="stmt"/>
        <line num="48" count="6" type="stmt"/>
        <line num="50" count="5" type="stmt"/>
      </file>
    </package>
  </project>
</coverage>
