{"total": {"lines":{"total":112,"covered":78,"skipped":0,"pct":69.64},"statements":{"total":112,"covered":78,"skipped":0,"pct":69.64},"functions":{"total":22,"covered":16,"skipped":0,"pct":72.73},"branches":{"total":18,"covered":6,"skipped":0,"pct":33.33}}
,"/var/www/html/side-projects/hacker-flow/answers/answers-model.js": {"lines":{"total":8,"covered":6,"skipped":0,"pct":75},"functions":{"total":5,"covered":3,"skipped":0,"pct":60},"statements":{"total":8,"covered":6,"skipped":0,"pct":75},"branches":{"total":0,"covered":0,"skipped":0,"pct":100}}
,"/var/www/html/side-projects/hacker-flow/answers/answers-router.js": {"lines":{"total":18,"covered":8,"skipped":0,"pct":44.44},"functions":{"total":1,"covered":0,"skipped":0,"pct":0},"statements":{"total":18,"covered":8,"skipped":0,"pct":44.44},"branches":{"total":4,"covered":0,"skipped":0,"pct":0}}
,"/var/www/html/side-projects/hacker-flow/auth/auth-router.js": {"lines":{"total":32,"covered":30,"skipped":0,"pct":93.75},"functions":{"total":2,"covered":2,"skipped":0,"pct":100},"statements":{"total":32,"covered":30,"skipped":0,"pct":93.75},"branches":{"total":6,"covered":6,"skipped":0,"pct":100}}
,"/var/www/html/side-projects/hacker-flow/auth/genToken.js": {"lines":{"total":6,"covered":6,"skipped":0,"pct":100},"functions":{"total":1,"covered":1,"skipped":0,"pct":100},"statements":{"total":6,"covered":6,"skipped":0,"pct":100},"branches":{"total":0,"covered":0,"skipped":0,"pct":100}}
,"/var/www/html/side-projects/hacker-flow/questions/questions-model.js": {"lines":{"total":8,"covered":8,"skipped":0,"pct":100},"functions":{"total":5,"covered":5,"skipped":0,"pct":100},"statements":{"total":8,"covered":8,"skipped":0,"pct":100},"branches":{"total":0,"covered":0,"skipped":0,"pct":100}}
,"/var/www/html/side-projects/hacker-flow/questions/questions-router.js": {"lines":{"total":30,"covered":10,"skipped":0,"pct":33.33},"functions":{"total":3,"covered":0,"skipped":0,"pct":0},"statements":{"total":30,"covered":10,"skipped":0,"pct":33.33},"branches":{"total":8,"covered":0,"skipped":0,"pct":0}}
,"/var/www/html/side-projects/hacker-flow/users/users-model.js": {"lines":{"total":10,"covered":10,"skipped":0,"pct":100},"functions":{"total":5,"covered":5,"skipped":0,"pct":100},"statements":{"total":10,"covered":10,"skipped":0,"pct":100},"branches":{"total":0,"covered":0,"skipped":0,"pct":100}}
}
