{"/var/www/html/side-projects/hacker-flow/answers/answers-model.js": {"path":"/var/www/html/side-projects/hacker-flow/answers/answers-model.js","statementMap":{"0":{"start":{"line":1,"column":11},"end":{"line":1,"column":36}},"1":{"start":{"line":3,"column":0},"end":{"line":10,"column":1}},"2":{"start":{"line":13,"column":4},"end":{"line":22,"column":32}},"3":{"start":{"line":26,"column":4},"end":{"line":34,"column":31}},"4":{"start":{"line":38,"column":17},"end":{"line":38,"column":52}},"5":{"start":{"line":40,"column":4},"end":{"line":40,"column":24}},"6":{"start":{"line":44,"column":4},"end":{"line":44,"column":16}},"7":{"start":{"line":48,"column":4},"end":{"line":48,"column":16}}},"fnMap":{"0":{"name":"getQuestionAnswers","decl":{"start":{"line":12,"column":9},"end":{"line":12,"column":27}},"loc":{"start":{"line":12,"column":41},"end":{"line":23,"column":1}},"line":12},"1":{"name":"findById","decl":{"start":{"line":25,"column":9},"end":{"line":25,"column":17}},"loc":{"start":{"line":25,"column":22},"end":{"line":35,"column":1}},"line":25},"2":{"name":"addAnswer","decl":{"start":{"line":37,"column":15},"end":{"line":37,"column":24}},"loc":{"start":{"line":37,"column":33},"end":{"line":41,"column":1}},"line":37},"3":{"name":"updateAnswer","decl":{"start":{"line":43,"column":15},"end":{"line":43,"column":27}},"loc":{"start":{"line":43,"column":41},"end":{"line":45,"column":1}},"line":43},"4":{"name":"removeAnswer","decl":{"start":{"line":47,"column":9},"end":{"line":47,"column":21}},"loc":{"start":{"line":47,"column":26},"end":{"line":49,"column":1}},"line":47}},"branchMap":{},"s":{"0":4,"1":4,"2":2,"3":2,"4":1,"5":1,"6":0,"7":0},"f":{"0":2,"1":2,"2":1,"3":0,"4":0},"b":{},"_coverageSchema":"1a1c01bbd47fc00a2c39e90264f33305004495a9","hash":"1506fb64a7fdf93715c2a1ea353f3cf09084976b"}
,"/var/www/html/side-projects/hacker-flow/answers/answers-router.js": {"path":"/var/www/html/side-projects/hacker-flow/answers/answers-router.js","statementMap":{"0":{"start":{"line":1,"column":16},"end":{"line":1,"column":34}},"1":{"start":{"line":2,"column":15},"end":{"line":2,"column":41}},"2":{"start":{"line":4,"column":17},"end":{"line":4,"column":50}},"3":{"start":{"line":5,"column":21},"end":{"line":5,"column":58}},"4":{"start":{"line":6,"column":21},"end":{"line":6,"column":58}},"5":{"start":{"line":9,"column":15},"end":{"line":9,"column":31}},"6":{"start":{"line":11,"column":0},"end":{"line":38,"column":2}},"7":{"start":{"line":18,"column":19},"end":{"line":18,"column":29}},"8":{"start":{"line":19,"column":42},"end":{"line":19,"column":50}},"9":{"start":{"line":20,"column":22},"end":{"line":27,"column":5}},"10":{"start":{"line":28,"column":4},"end":{"line":37,"column":5}},"11":{"start":{"line":29,"column":23},"end":{"line":29,"column":56}},"12":{"start":{"line":30,"column":8},"end":{"line":32,"column":9}},"13":{"start":{"line":31,"column":12},"end":{"line":31,"column":81}},"14":{"start":{"line":33,"column":8},"end":{"line":33,"column":37}},"15":{"start":{"line":35,"column":8},"end":{"line":35,"column":25}},"16":{"start":{"line":36,"column":8},"end":{"line":36,"column":18}},"17":{"start":{"line":41,"column":0},"end":{"line":41,"column":24}}},"fnMap":{"0":{"name":"(anonymous_0)","decl":{"start":{"line":16,"column":4},"end":{"line":16,"column":5}},"loc":{"start":{"line":16,"column":30},"end":{"line":38,"column":1}},"line":16}},"branchMap":{"0":{"loc":{"start":{"line":23,"column":18},"end":{"line":23,"column":35}},"type":"binary-expr","locations":[{"start":{"line":23,"column":18},"end":{"line":23,"column":26}},{"start":{"line":23,"column":30},"end":{"line":23,"column":35}}],"line":23},"1":{"loc":{"start":{"line":30,"column":8},"end":{"line":32,"column":9}},"type":"if","locations":[{"start":{"line":30,"column":8},"end":{"line":32,"column":9}},{"start":{"line":30,"column":8},"end":{"line":32,"column":9}}],"line":30}},"s":{"0":3,"1":3,"2":3,"3":3,"4":3,"5":3,"6":3,"7":0,"8":0,"9":0,"10":0,"11":0,"12":0,"13":0,"14":0,"15":0,"16":0,"17":3},"f":{"0":0},"b":{"0":[0,0],"1":[0,0]},"_coverageSchema":"1a1c01bbd47fc00a2c39e90264f33305004495a9","hash":"32c2bfb1b090790d1eb0bfeccecc9139044bf887"}
,"/var/www/html/side-projects/hacker-flow/auth/auth-router.js": {"path":"/var/www/html/side-projects/hacker-flow/auth/auth-router.js","statementMap":{"0":{"start":{"line":3,"column":16},"end":{"line":3,"column":34}},"1":{"start":{"line":4,"column":15},"end":{"line":4,"column":34}},"2":{"start":{"line":5,"column":17},"end":{"line":5,"column":38}},"3":{"start":{"line":6,"column":18},"end":{"line":6,"column":49}},"4":{"start":{"line":8,"column":19},"end":{"line":8,"column":54}},"5":{"start":{"line":9,"column":23},"end":{"line":9,"column":62}},"6":{"start":{"line":12,"column":15},"end":{"line":12,"column":31}},"7":{"start":{"line":21,"column":0},"end":{"line":43,"column":3}},"8":{"start":{"line":22,"column":69},"end":{"line":22,"column":77}},"9":{"start":{"line":24,"column":2},"end":{"line":42,"column":3}},"10":{"start":{"line":25,"column":17},"end":{"line":25,"column":61}},"11":{"start":{"line":26,"column":4},"end":{"line":28,"column":5}},"12":{"start":{"line":27,"column":6},"end":{"line":27,"column":67}},"13":{"start":{"line":30,"column":20},"end":{"line":37,"column":5}},"14":{"start":{"line":38,"column":20},"end":{"line":38,"column":52}},"15":{"start":{"line":39,"column":4},"end":{"line":39,"column":34}},"16":{"start":{"line":41,"column":4},"end":{"line":41,"column":14}},"17":{"start":{"line":52,"column":0},"end":{"line":82,"column":3}},"18":{"start":{"line":53,"column":33},"end":{"line":53,"column":41}},"19":{"start":{"line":55,"column":2},"end":{"line":81,"column":3}},"20":{"start":{"line":56,"column":17},"end":{"line":56,"column":61}},"21":{"start":{"line":58,"column":4},"end":{"line":60,"column":5}},"22":{"start":{"line":59,"column":6},"end":{"line":59,"column":65}},"23":{"start":{"line":62,"column":26},"end":{"line":62,"column":71}},"24":{"start":{"line":64,"column":4},"end":{"line":66,"column":5}},"25":{"start":{"line":65,"column":6},"end":{"line":65,"column":70}},"26":{"start":{"line":67,"column":18},"end":{"line":67,"column":32}},"27":{"start":{"line":69,"column":4},"end":{"line":69,"column":31}},"28":{"start":{"line":71,"column":4},"end":{"line":77,"column":7}},"29":{"start":{"line":79,"column":4},"end":{"line":79,"column":21}},"30":{"start":{"line":80,"column":4},"end":{"line":80,"column":14}},"31":{"start":{"line":84,"column":0},"end":{"line":84,"column":24}}},"fnMap":{"0":{"name":"(anonymous_0)","decl":{"start":{"line":21,"column":43},"end":{"line":21,"column":44}},"loc":{"start":{"line":21,"column":69},"end":{"line":43,"column":1}},"line":21},"1":{"name":"(anonymous_1)","decl":{"start":{"line":52,"column":36},"end":{"line":52,"column":37}},"loc":{"start":{"line":52,"column":62},"end":{"line":82,"column":1}},"line":52}},"branchMap":{"0":{"loc":{"start":{"line":26,"column":4},"end":{"line":28,"column":5}},"type":"if","locations":[{"start":{"line":26,"column":4},"end":{"line":28,"column":5}},{"start":{"line":26,"column":4},"end":{"line":28,"column":5}}],"line":26},"1":{"loc":{"start":{"line":58,"column":4},"end":{"line":60,"column":5}},"type":"if","locations":[{"start":{"line":58,"column":4},"end":{"line":60,"column":5}},{"start":{"line":58,"column":4},"end":{"line":60,"column":5}}],"line":58},"2":{"loc":{"start":{"line":64,"column":4},"end":{"line":66,"column":5}},"type":"if","locations":[{"start":{"line":64,"column":4},"end":{"line":66,"column":5}},{"start":{"line":64,"column":4},"end":{"line":66,"column":5}}],"line":64}},"s":{"0":3,"1":3,"2":3,"3":3,"4":3,"5":3,"6":3,"7":3,"8":4,"9":4,"10":4,"11":4,"12":1,"13":4,"14":4,"15":3,"16":1,"17":3,"18":5,"19":5,"20":5,"21":5,"22":1,"23":4,"24":4,"25":1,"26":3,"27":3,"28":3,"29":0,"30":0,"31":3},"f":{"0":4,"1":5},"b":{"0":[1,3],"1":[1,4],"2":[1,3]},"_coverageSchema":"1a1c01bbd47fc00a2c39e90264f33305004495a9","hash":"53229702a59baed88c9849d82b5a281060178ff6"}
,"/var/www/html/side-projects/hacker-flow/auth/genToken.js": {"path":"/var/www/html/side-projects/hacker-flow/auth/genToken.js","statementMap":{"0":{"start":{"line":1,"column":12},"end":{"line":1,"column":35}},"1":{"start":{"line":2,"column":15},"end":{"line":2,"column":42}},"2":{"start":{"line":8,"column":17},"end":{"line":12,"column":2}},"3":{"start":{"line":13,"column":17},"end":{"line":15,"column":2}},"4":{"start":{"line":16,"column":1},"end":{"line":16,"column":53}},"5":{"start":{"line":19,"column":0},"end":{"line":19,"column":26}}},"fnMap":{"0":{"name":"genToken","decl":{"start":{"line":7,"column":9},"end":{"line":7,"column":17}},"loc":{"start":{"line":7,"column":24},"end":{"line":17,"column":1}},"line":7}},"branchMap":{},"s":{"0":3,"1":3,"2":3,"3":3,"4":3,"5":3},"f":{"0":3},"b":{},"_coverageSchema":"1a1c01bbd47fc00a2c39e90264f33305004495a9","hash":"95725a86e4252d7173121e6470d453a886fa246a"}
,"/var/www/html/side-projects/hacker-flow/questions/questions-model.js": {"path":"/var/www/html/side-projects/hacker-flow/questions/questions-model.js","statementMap":{"0":{"start":{"line":3,"column":11},"end":{"line":3,"column":36}},"1":{"start":{"line":5,"column":0},"end":{"line":11,"column":2}},"2":{"start":{"line":14,"column":2},"end":{"line":24,"column":30}},"3":{"start":{"line":28,"column":2},"end":{"line":40,"column":13}},"4":{"start":{"line":44,"column":2},"end":{"line":54,"column":29}},"5":{"start":{"line":58,"column":2},"end":{"line":69,"column":13}},"6":{"start":{"line":73,"column":15},"end":{"line":73,"column":53}},"7":{"start":{"line":75,"column":2},"end":{"line":75,"column":26}}},"fnMap":{"0":{"name":"unansweredQuestions","decl":{"start":{"line":13,"column":9},"end":{"line":13,"column":28}},"loc":{"start":{"line":13,"column":31},"end":{"line":25,"column":1}},"line":13},"1":{"name":"unansweredById","decl":{"start":{"line":27,"column":9},"end":{"line":27,"column":23}},"loc":{"start":{"line":27,"column":28},"end":{"line":41,"column":1}},"line":27},"2":{"name":"answeredQuestions","decl":{"start":{"line":43,"column":9},"end":{"line":43,"column":26}},"loc":{"start":{"line":43,"column":29},"end":{"line":55,"column":1}},"line":43},"3":{"name":"questionById","decl":{"start":{"line":57,"column":9},"end":{"line":57,"column":21}},"loc":{"start":{"line":57,"column":26},"end":{"line":70,"column":1}},"line":57},"4":{"name":"addQuestion","decl":{"start":{"line":72,"column":15},"end":{"line":72,"column":26}},"loc":{"start":{"line":72,"column":37},"end":{"line":76,"column":1}},"line":72}},"branchMap":{},"s":{"0":4,"1":4,"2":1,"3":1,"4":1,"5":2,"6":1,"7":1},"f":{"0":1,"1":1,"2":1,"3":2,"4":1},"b":{},"_coverageSchema":"1a1c01bbd47fc00a2c39e90264f33305004495a9","hash":"6770b97a75558b9d3195258cdaa07042165b3f4e"}
,"/var/www/html/side-projects/hacker-flow/questions/questions-router.js": {"path":"/var/www/html/side-projects/hacker-flow/questions/questions-router.js","statementMap":{"0":{"start":{"line":2,"column":16},"end":{"line":2,"column":34}},"1":{"start":{"line":3,"column":22},"end":{"line":3,"column":61}},"2":{"start":{"line":6,"column":17},"end":{"line":6,"column":50}},"3":{"start":{"line":7,"column":23},"end":{"line":7,"column":66}},"4":{"start":{"line":8,"column":21},"end":{"line":8,"column":58}},"5":{"start":{"line":10,"column":15},"end":{"line":10,"column":31}},"6":{"start":{"line":18,"column":0},"end":{"line":31,"column":3}},"7":{"start":{"line":19,"column":2},"end":{"line":30,"column":3}},"8":{"start":{"line":20,"column":23},"end":{"line":20,"column":64}},"9":{"start":{"line":21,"column":4},"end":{"line":25,"column":5}},"10":{"start":{"line":22,"column":6},"end":{"line":24,"column":9}},"11":{"start":{"line":26,"column":4},"end":{"line":26,"column":37}},"12":{"start":{"line":28,"column":4},"end":{"line":28,"column":21}},"13":{"start":{"line":29,"column":4},"end":{"line":29,"column":14}},"14":{"start":{"line":39,"column":0},"end":{"line":52,"column":3}},"15":{"start":{"line":40,"column":17},"end":{"line":40,"column":27}},"16":{"start":{"line":41,"column":2},"end":{"line":51,"column":3}},"17":{"start":{"line":42,"column":23},"end":{"line":42,"column":61}},"18":{"start":{"line":43,"column":4},"end":{"line":47,"column":5}},"19":{"start":{"line":44,"column":6},"end":{"line":46,"column":67}},"20":{"start":{"line":48,"column":4},"end":{"line":48,"column":37}},"21":{"start":{"line":50,"column":4},"end":{"line":50,"column":14}},"22":{"start":{"line":60,"column":0},"end":{"line":83,"column":2}},"23":{"start":{"line":66,"column":67},"end":{"line":66,"column":75}},"24":{"start":{"line":67,"column":4},"end":{"line":81,"column":5}},"25":{"start":{"line":68,"column":26},"end":{"line":76,"column":7}},"26":{"start":{"line":77,"column":26},"end":{"line":77,"column":70}},"27":{"start":{"line":78,"column":6},"end":{"line":78,"column":40}},"28":{"start":{"line":80,"column":6},"end":{"line":80,"column":16}},"29":{"start":{"line":85,"column":0},"end":{"line":85,"column":24}}},"fnMap":{"0":{"name":"(anonymous_0)","decl":{"start":{"line":18,"column":38},"end":{"line":18,"column":39}},"loc":{"start":{"line":18,"column":64},"end":{"line":31,"column":1}},"line":18},"1":{"name":"(anonymous_1)","decl":{"start":{"line":39,"column":42},"end":{"line":39,"column":43}},"loc":{"start":{"line":39,"column":68},"end":{"line":52,"column":1}},"line":39},"2":{"name":"(anonymous_2)","decl":{"start":{"line":65,"column":2},"end":{"line":65,"column":3}},"loc":{"start":{"line":65,"column":28},"end":{"line":82,"column":3}},"line":65}},"branchMap":{"0":{"loc":{"start":{"line":21,"column":4},"end":{"line":25,"column":5}},"type":"if","locations":[{"start":{"line":21,"column":4},"end":{"line":25,"column":5}},{"start":{"line":21,"column":4},"end":{"line":25,"column":5}}],"line":21},"1":{"loc":{"start":{"line":43,"column":4},"end":{"line":47,"column":5}},"type":"if","locations":[{"start":{"line":43,"column":4},"end":{"line":47,"column":5}},{"start":{"line":43,"column":4},"end":{"line":47,"column":5}}],"line":43},"2":{"loc":{"start":{"line":72,"column":23},"end":{"line":72,"column":45}},"type":"binary-expr","locations":[{"start":{"line":72,"column":23},"end":{"line":72,"column":36}},{"start":{"line":72,"column":40},"end":{"line":72,"column":45}}],"line":72},"3":{"loc":{"start":{"line":73,"column":18},"end":{"line":73,"column":35}},"type":"binary-expr","locations":[{"start":{"line":73,"column":18},"end":{"line":73,"column":26}},{"start":{"line":73,"column":30},"end":{"line":73,"column":35}}],"line":73}},"s":{"0":3,"1":3,"2":3,"3":3,"4":3,"5":3,"6":3,"7":0,"8":0,"9":0,"10":0,"11":0,"12":0,"13":0,"14":3,"15":0,"16":0,"17":0,"18":0,"19":0,"20":0,"21":0,"22":3,"23":0,"24":0,"25":0,"26":0,"27":0,"28":0,"29":3},"f":{"0":0,"1":0,"2":0},"b":{"0":[0,0],"1":[0,0],"2":[0,0],"3":[0,0]},"_coverageSchema":"1a1c01bbd47fc00a2c39e90264f33305004495a9","hash":"feb8e83cc69e0d98add936292e94c1cbddec2a66"}
,"/var/www/html/side-projects/hacker-flow/users/users-model.js": {"path":"/var/www/html/side-projects/hacker-flow/users/users-model.js","statementMap":{"0":{"start":{"line":3,"column":11},"end":{"line":3,"column":36}},"1":{"start":{"line":4,"column":15},"end":{"line":4,"column":34}},"2":{"start":{"line":6,"column":0},"end":{"line":13,"column":2}},"3":{"start":{"line":16,"column":1},"end":{"line":23,"column":3}},"4":{"start":{"line":27,"column":1},"end":{"line":29,"column":72}},"5":{"start":{"line":33,"column":1},"end":{"line":36,"column":11}},"6":{"start":{"line":40,"column":1},"end":{"line":43,"column":11}},"7":{"start":{"line":47,"column":1},"end":{"line":47,"column":54}},"8":{"start":{"line":48,"column":14},"end":{"line":48,"column":44}},"9":{"start":{"line":50,"column":1},"end":{"line":50,"column":21}}},"fnMap":{"0":{"name":"getUsers","decl":{"start":{"line":15,"column":9},"end":{"line":15,"column":17}},"loc":{"start":{"line":15,"column":20},"end":{"line":24,"column":1}},"line":15},"1":{"name":"findBy","decl":{"start":{"line":26,"column":9},"end":{"line":26,"column":15}},"loc":{"start":{"line":26,"column":24},"end":{"line":30,"column":1}},"line":26},"2":{"name":"findById","decl":{"start":{"line":32,"column":9},"end":{"line":32,"column":17}},"loc":{"start":{"line":32,"column":22},"end":{"line":37,"column":1}},"line":32},"3":{"name":"findPassByUser","decl":{"start":{"line":39,"column":9},"end":{"line":39,"column":23}},"loc":{"start":{"line":39,"column":32},"end":{"line":44,"column":1}},"line":39},"4":{"name":"addUser","decl":{"start":{"line":46,"column":15},"end":{"line":46,"column":22}},"loc":{"start":{"line":46,"column":29},"end":{"line":51,"column":1}},"line":46}},"branchMap":{},"s":{"0":4,"1":4,"2":4,"3":1,"4":6,"5":7,"6":7,"7":6,"8":6,"9":5},"f":{"0":1,"1":6,"2":7,"3":7,"4":6},"b":{},"_coverageSchema":"1a1c01bbd47fc00a2c39e90264f33305004495a9","hash":"2407989e78ac95c167efbcd6f6c9dbdad05a7023"}
}
