{"/var/www/html/side_projects/hacker-flow/knexfile.js": {"path":"/var/www/html/side_projects/hacker-flow/knexfile.js","statementMap":{"0":{"start":{"line":5,"column":0},"end":{"line":58,"column":2}},"1":{"start":{"line":20,"column":8},"end":{"line":20,"column":51}},"2":{"start":{"line":38,"column":8},"end":{"line":38,"column":51}}},"fnMap":{"0":{"name":"(anonymous_0)","decl":{"start":{"line":19,"column":19},"end":{"line":19,"column":20}},"loc":{"start":{"line":19,"column":35},"end":{"line":21,"column":7}},"line":19},"1":{"name":"(anonymous_1)","decl":{"start":{"line":37,"column":19},"end":{"line":37,"column":20}},"loc":{"start":{"line":37,"column":35},"end":{"line":39,"column":7}},"line":37}},"branchMap":{},"s":{"0":5,"1":0,"2":5},"f":{"0":0,"1":5},"b":{},"_coverageSchema":"1a1c01bbd47fc00a2c39e90264f33305004495a9","hash":"9c7621dc2b2c9dc2e85af4e464af70334168b51d"}
,"/var/www/html/side_projects/hacker-flow/server.js": {"path":"/var/www/html/side_projects/hacker-flow/server.js","statementMap":{"0":{"start":{"line":2,"column":0},"end":{"line":2,"column":27}},"1":{"start":{"line":3,"column":16},"end":{"line":3,"column":34}},"2":{"start":{"line":4,"column":13},"end":{"line":4,"column":28}},"3":{"start":{"line":5,"column":15},"end":{"line":5,"column":32}},"4":{"start":{"line":6,"column":21},"end":{"line":6,"column":45}},"5":{"start":{"line":8,"column":19},"end":{"line":8,"column":48}},"6":{"start":{"line":9,"column":23},"end":{"line":9,"column":62}},"7":{"start":{"line":10,"column":21},"end":{"line":10,"column":56}},"8":{"start":{"line":12,"column":15},"end":{"line":12,"column":24}},"9":{"start":{"line":14,"column":0},"end":{"line":14,"column":19}},"10":{"start":{"line":15,"column":0},"end":{"line":15,"column":21}},"11":{"start":{"line":16,"column":0},"end":{"line":16,"column":27}},"12":{"start":{"line":17,"column":0},"end":{"line":17,"column":27}},"13":{"start":{"line":19,"column":0},"end":{"line":21,"column":3}},"14":{"start":{"line":20,"column":2},"end":{"line":20,"column":36}},"15":{"start":{"line":23,"column":0},"end":{"line":23,"column":31}},"16":{"start":{"line":24,"column":0},"end":{"line":24,"column":35}},"17":{"start":{"line":25,"column":0},"end":{"line":25,"column":33}},"18":{"start":{"line":27,"column":0},"end":{"line":29,"column":3}},"19":{"start":{"line":28,"column":2},"end":{"line":28,"column":58}},"20":{"start":{"line":31,"column":0},"end":{"line":33,"column":3}},"21":{"start":{"line":32,"column":2},"end":{"line":32,"column":61}},"22":{"start":{"line":35,"column":0},"end":{"line":35,"column":24}}},"fnMap":{"0":{"name":"(anonymous_0)","decl":{"start":{"line":19,"column":16},"end":{"line":19,"column":17}},"loc":{"start":{"line":19,"column":30},"end":{"line":21,"column":1}},"line":19},"1":{"name":"(anonymous_1)","decl":{"start":{"line":27,"column":11},"end":{"line":27,"column":12}},"loc":{"start":{"line":27,"column":25},"end":{"line":29,"column":1}},"line":27},"2":{"name":"(anonymous_2)","decl":{"start":{"line":31,"column":11},"end":{"line":31,"column":12}},"loc":{"start":{"line":31,"column":36},"end":{"line":33,"column":1}},"line":31}},"branchMap":{},"s":{"0":2,"1":2,"2":2,"3":2,"4":2,"5":2,"6":2,"7":2,"8":2,"9":2,"10":2,"11":2,"12":2,"13":2,"14":0,"15":2,"16":2,"17":2,"18":2,"19":0,"20":2,"21":1,"22":2},"f":{"0":0,"1":0,"2":1},"b":{},"_coverageSchema":"1a1c01bbd47fc00a2c39e90264f33305004495a9","hash":"4350109f5c891933ab28b5576ac0ec1f6c5c630f"}
,"/var/www/html/side_projects/hacker-flow/Secret/secret.js": {"path":"/var/www/html/side_projects/hacker-flow/Secret/secret.js","statementMap":{"0":{"start":{"line":3,"column":0},"end":{"line":5,"column":2}}},"fnMap":{},"branchMap":{"0":{"loc":{"start":{"line":4,"column":13},"end":{"line":4,"column":72}},"type":"binary-expr","locations":[{"start":{"line":4,"column":13},"end":{"line":4,"column":35}},{"start":{"line":4,"column":39},"end":{"line":4,"column":72}}],"line":4}},"s":{"0":2},"f":{},"b":{"0":[2,0]},"_coverageSchema":"1a1c01bbd47fc00a2c39e90264f33305004495a9","hash":"5dad414dac85788efa6b1f0daaafeee7b748cef8"}
,"/var/www/html/side_projects/hacker-flow/answers/answers-model.js": {"path":"/var/www/html/side_projects/hacker-flow/answers/answers-model.js","statementMap":{"0":{"start":{"line":1,"column":11},"end":{"line":1,"column":36}},"1":{"start":{"line":3,"column":0},"end":{"line":10,"column":1}},"2":{"start":{"line":13,"column":4},"end":{"line":22,"column":32}},"3":{"start":{"line":26,"column":4},"end":{"line":34,"column":31}},"4":{"start":{"line":38,"column":17},"end":{"line":38,"column":52}},"5":{"start":{"line":40,"column":4},"end":{"line":40,"column":24}},"6":{"start":{"line":44,"column":4},"end":{"line":44,"column":16}},"7":{"start":{"line":48,"column":4},"end":{"line":48,"column":16}}},"fnMap":{"0":{"name":"getQuestionAnswers","decl":{"start":{"line":12,"column":9},"end":{"line":12,"column":27}},"loc":{"start":{"line":12,"column":41},"end":{"line":23,"column":1}},"line":12},"1":{"name":"findById","decl":{"start":{"line":25,"column":9},"end":{"line":25,"column":17}},"loc":{"start":{"line":25,"column":22},"end":{"line":35,"column":1}},"line":25},"2":{"name":"addAnswer","decl":{"start":{"line":37,"column":15},"end":{"line":37,"column":24}},"loc":{"start":{"line":37,"column":33},"end":{"line":41,"column":1}},"line":37},"3":{"name":"updateAnswer","decl":{"start":{"line":43,"column":15},"end":{"line":43,"column":27}},"loc":{"start":{"line":43,"column":41},"end":{"line":45,"column":1}},"line":43},"4":{"name":"removeAnswer","decl":{"start":{"line":47,"column":9},"end":{"line":47,"column":21}},"loc":{"start":{"line":47,"column":26},"end":{"line":49,"column":1}},"line":47}},"branchMap":{},"s":{"0":3,"1":3,"2":2,"3":2,"4":1,"5":1,"6":0,"7":0},"f":{"0":2,"1":2,"2":1,"3":0,"4":0},"b":{},"_coverageSchema":"1a1c01bbd47fc00a2c39e90264f33305004495a9","hash":"71eb87ba77afc2f409cec9eeae51ae67b9ab6c34"}
,"/var/www/html/side_projects/hacker-flow/answers/answers-router.js": {"path":"/var/www/html/side_projects/hacker-flow/answers/answers-router.js","statementMap":{"0":{"start":{"line":1,"column":16},"end":{"line":1,"column":34}},"1":{"start":{"line":2,"column":15},"end":{"line":2,"column":41}},"2":{"start":{"line":4,"column":17},"end":{"line":4,"column":50}},"3":{"start":{"line":5,"column":27},"end":{"line":5,"column":70}},"4":{"start":{"line":6,"column":21},"end":{"line":6,"column":58}},"5":{"start":{"line":9,"column":15},"end":{"line":9,"column":31}},"6":{"start":{"line":11,"column":0},"end":{"line":35,"column":2}},"7":{"start":{"line":15,"column":19},"end":{"line":15,"column":29}},"8":{"start":{"line":16,"column":42},"end":{"line":16,"column":50}},"9":{"start":{"line":17,"column":22},"end":{"line":24,"column":5}},"10":{"start":{"line":25,"column":4},"end":{"line":34,"column":5}},"11":{"start":{"line":26,"column":23},"end":{"line":26,"column":56}},"12":{"start":{"line":27,"column":8},"end":{"line":29,"column":9}},"13":{"start":{"line":28,"column":12},"end":{"line":28,"column":81}},"14":{"start":{"line":30,"column":8},"end":{"line":30,"column":37}},"15":{"start":{"line":32,"column":8},"end":{"line":32,"column":25}},"16":{"start":{"line":33,"column":8},"end":{"line":33,"column":18}},"17":{"start":{"line":38,"column":0},"end":{"line":38,"column":24}}},"fnMap":{"0":{"name":"(anonymous_0)","decl":{"start":{"line":13,"column":4},"end":{"line":13,"column":5}},"loc":{"start":{"line":13,"column":30},"end":{"line":35,"column":1}},"line":13}},"branchMap":{"0":{"loc":{"start":{"line":20,"column":18},"end":{"line":20,"column":35}},"type":"binary-expr","locations":[{"start":{"line":20,"column":18},"end":{"line":20,"column":26}},{"start":{"line":20,"column":30},"end":{"line":20,"column":35}}],"line":20},"1":{"loc":{"start":{"line":27,"column":8},"end":{"line":29,"column":9}},"type":"if","locations":[{"start":{"line":27,"column":8},"end":{"line":29,"column":9}},{"start":{"line":27,"column":8},"end":{"line":29,"column":9}}],"line":27}},"s":{"0":2,"1":2,"2":2,"3":2,"4":2,"5":2,"6":2,"7":0,"8":0,"9":0,"10":0,"11":0,"12":0,"13":0,"14":0,"15":0,"16":0,"17":2},"f":{"0":0},"b":{"0":[0,0],"1":[0,0]},"_coverageSchema":"1a1c01bbd47fc00a2c39e90264f33305004495a9","hash":"94404619317712886dbf756b59e3c4905cba55c5"}
,"/var/www/html/side_projects/hacker-flow/auth/auth-router.js": {"path":"/var/www/html/side_projects/hacker-flow/auth/auth-router.js","statementMap":{"0":{"start":{"line":3,"column":16},"end":{"line":3,"column":34}},"1":{"start":{"line":4,"column":15},"end":{"line":4,"column":34}},"2":{"start":{"line":5,"column":17},"end":{"line":5,"column":38}},"3":{"start":{"line":6,"column":18},"end":{"line":6,"column":49}},"4":{"start":{"line":8,"column":19},"end":{"line":8,"column":54}},"5":{"start":{"line":9,"column":23},"end":{"line":9,"column":62}},"6":{"start":{"line":12,"column":15},"end":{"line":12,"column":31}},"7":{"start":{"line":21,"column":0},"end":{"line":43,"column":3}},"8":{"start":{"line":22,"column":69},"end":{"line":22,"column":77}},"9":{"start":{"line":24,"column":2},"end":{"line":42,"column":3}},"10":{"start":{"line":25,"column":17},"end":{"line":25,"column":61}},"11":{"start":{"line":26,"column":4},"end":{"line":28,"column":5}},"12":{"start":{"line":27,"column":6},"end":{"line":27,"column":67}},"13":{"start":{"line":30,"column":20},"end":{"line":37,"column":5}},"14":{"start":{"line":38,"column":20},"end":{"line":38,"column":52}},"15":{"start":{"line":39,"column":4},"end":{"line":39,"column":34}},"16":{"start":{"line":41,"column":4},"end":{"line":41,"column":14}},"17":{"start":{"line":52,"column":0},"end":{"line":82,"column":3}},"18":{"start":{"line":53,"column":33},"end":{"line":53,"column":41}},"19":{"start":{"line":55,"column":2},"end":{"line":81,"column":3}},"20":{"start":{"line":56,"column":17},"end":{"line":56,"column":61}},"21":{"start":{"line":58,"column":4},"end":{"line":60,"column":5}},"22":{"start":{"line":59,"column":6},"end":{"line":59,"column":65}},"23":{"start":{"line":62,"column":26},"end":{"line":62,"column":71}},"24":{"start":{"line":64,"column":4},"end":{"line":66,"column":5}},"25":{"start":{"line":65,"column":6},"end":{"line":65,"column":70}},"26":{"start":{"line":67,"column":18},"end":{"line":67,"column":32}},"27":{"start":{"line":69,"column":4},"end":{"line":69,"column":31}},"28":{"start":{"line":71,"column":4},"end":{"line":77,"column":7}},"29":{"start":{"line":79,"column":4},"end":{"line":79,"column":21}},"30":{"start":{"line":80,"column":4},"end":{"line":80,"column":14}},"31":{"start":{"line":84,"column":0},"end":{"line":84,"column":24}}},"fnMap":{"0":{"name":"(anonymous_0)","decl":{"start":{"line":21,"column":43},"end":{"line":21,"column":44}},"loc":{"start":{"line":21,"column":69},"end":{"line":43,"column":1}},"line":21},"1":{"name":"(anonymous_1)","decl":{"start":{"line":52,"column":36},"end":{"line":52,"column":37}},"loc":{"start":{"line":52,"column":62},"end":{"line":82,"column":1}},"line":52}},"branchMap":{"0":{"loc":{"start":{"line":26,"column":4},"end":{"line":28,"column":5}},"type":"if","locations":[{"start":{"line":26,"column":4},"end":{"line":28,"column":5}},{"start":{"line":26,"column":4},"end":{"line":28,"column":5}}],"line":26},"1":{"loc":{"start":{"line":58,"column":4},"end":{"line":60,"column":5}},"type":"if","locations":[{"start":{"line":58,"column":4},"end":{"line":60,"column":5}},{"start":{"line":58,"column":4},"end":{"line":60,"column":5}}],"line":58},"2":{"loc":{"start":{"line":64,"column":4},"end":{"line":66,"column":5}},"type":"if","locations":[{"start":{"line":64,"column":4},"end":{"line":66,"column":5}},{"start":{"line":64,"column":4},"end":{"line":66,"column":5}}],"line":64}},"s":{"0":2,"1":2,"2":2,"3":2,"4":2,"5":2,"6":2,"7":2,"8":4,"9":4,"10":4,"11":4,"12":1,"13":4,"14":4,"15":3,"16":1,"17":2,"18":6,"19":6,"20":6,"21":6,"22":1,"23":5,"24":5,"25":1,"26":4,"27":4,"28":4,"29":0,"30":0,"31":2},"f":{"0":4,"1":6},"b":{"0":[1,3],"1":[1,5],"2":[1,4]},"_coverageSchema":"1a1c01bbd47fc00a2c39e90264f33305004495a9","hash":"dd7e833ba029d4f23085e5a56c520811eec13e93"}
,"/var/www/html/side_projects/hacker-flow/auth/genToken.js": {"path":"/var/www/html/side_projects/hacker-flow/auth/genToken.js","statementMap":{"0":{"start":{"line":1,"column":12},"end":{"line":1,"column":35}},"1":{"start":{"line":2,"column":15},"end":{"line":2,"column":42}},"2":{"start":{"line":8,"column":17},"end":{"line":12,"column":2}},"3":{"start":{"line":13,"column":17},"end":{"line":15,"column":2}},"4":{"start":{"line":16,"column":1},"end":{"line":16,"column":53}},"5":{"start":{"line":19,"column":0},"end":{"line":19,"column":26}}},"fnMap":{"0":{"name":"genToken","decl":{"start":{"line":7,"column":9},"end":{"line":7,"column":17}},"loc":{"start":{"line":7,"column":24},"end":{"line":17,"column":1}},"line":7}},"branchMap":{},"s":{"0":2,"1":2,"2":4,"3":4,"4":4,"5":2},"f":{"0":4},"b":{},"_coverageSchema":"1a1c01bbd47fc00a2c39e90264f33305004495a9","hash":"be0ecd7d7778ba795b3797f23a5f03fd4799fd8e"}
,"/var/www/html/side_projects/hacker-flow/data/config.js": {"path":"/var/www/html/side_projects/hacker-flow/data/config.js","statementMap":{"0":{"start":{"line":3,"column":13},"end":{"line":3,"column":28}},"1":{"start":{"line":4,"column":17},"end":{"line":4,"column":39}},"2":{"start":{"line":6,"column":20},"end":{"line":6,"column":49}},"3":{"start":{"line":8,"column":0},"end":{"line":8,"column":45}}},"fnMap":{},"branchMap":{"0":{"loc":{"start":{"line":6,"column":20},"end":{"line":6,"column":49}},"type":"binary-expr","locations":[{"start":{"line":6,"column":20},"end":{"line":6,"column":40}},{"start":{"line":6,"column":44},"end":{"line":6,"column":49}}],"line":6}},"s":{"0":5,"1":5,"2":5,"3":5},"f":{},"b":{"0":[5,0]},"_coverageSchema":"1a1c01bbd47fc00a2c39e90264f33305004495a9","hash":"ab268602cfac54eb1353be85ceb6f1cfd02ee6e8"}
,"/var/www/html/side_projects/hacker-flow/data/seeds/000_cleanup.js": {"path":"/var/www/html/side_projects/hacker-flow/data/seeds/000_cleanup.js","statementMap":{"0":{"start":{"line":3,"column":0},"end":{"line":8,"column":2}},"1":{"start":{"line":5,"column":2},"end":{"line":5,"column":35}},"2":{"start":{"line":6,"column":2},"end":{"line":6,"column":37}},"3":{"start":{"line":7,"column":2},"end":{"line":7,"column":33}}},"fnMap":{"0":{"name":"(anonymous_0)","decl":{"start":{"line":3,"column":15},"end":{"line":3,"column":16}},"loc":{"start":{"line":3,"column":37},"end":{"line":8,"column":1}},"line":3}},"branchMap":{},"s":{"0":4,"1":19,"2":19,"3":19},"f":{"0":19},"b":{},"_coverageSchema":"1a1c01bbd47fc00a2c39e90264f33305004495a9","hash":"efb88a849642c5d1f99d6351f67cf53fc660e942"}
,"/var/www/html/side_projects/hacker-flow/data/seeds/001_hackerflow_data.js": {"path":"/var/www/html/side_projects/hacker-flow/data/seeds/001_hackerflow_data.js","statementMap":{"0":{"start":{"line":2,"column":15},"end":{"line":2,"column":34}},"1":{"start":{"line":4,"column":0},"end":{"line":277,"column":2}},"2":{"start":{"line":5,"column":2},"end":{"line":76,"column":5}},"3":{"start":{"line":78,"column":2},"end":{"line":183,"column":5}},"4":{"start":{"line":185,"column":2},"end":{"line":276,"column":5}}},"fnMap":{"0":{"name":"(anonymous_0)","decl":{"start":{"line":4,"column":15},"end":{"line":4,"column":16}},"loc":{"start":{"line":4,"column":37},"end":{"line":277,"column":1}},"line":4}},"branchMap":{},"s":{"0":4,"1":4,"2":19,"3":19,"4":19},"f":{"0":19},"b":{},"_coverageSchema":"1a1c01bbd47fc00a2c39e90264f33305004495a9","hash":"a00ce2162e86b63b4f61d650c480fd45f44e2bf0"}
,"/var/www/html/side_projects/hacker-flow/middleware/answerVerify.js": {"path":"/var/www/html/side_projects/hacker-flow/middleware/answerVerify.js","statementMap":{"0":{"start":{"line":3,"column":4},"end":{"line":15,"column":5}},"1":{"start":{"line":4,"column":36},"end":{"line":4,"column":44}},"2":{"start":{"line":6,"column":8},"end":{"line":8,"column":9}},"3":{"start":{"line":7,"column":12},"end":{"line":7,"column":73}},"4":{"start":{"line":9,"column":8},"end":{"line":11,"column":9}},"5":{"start":{"line":10,"column":12},"end":{"line":10,"column":76}},"6":{"start":{"line":14,"column":8},"end":{"line":14,"column":15}},"7":{"start":{"line":18,"column":0},"end":{"line":18,"column":30}}},"fnMap":{"0":{"name":"answerVerify","decl":{"start":{"line":2,"column":9},"end":{"line":2,"column":21}},"loc":{"start":{"line":2,"column":24},"end":{"line":16,"column":1}},"line":2},"1":{"name":"(anonymous_1)","decl":{"start":{"line":3,"column":11},"end":{"line":3,"column":12}},"loc":{"start":{"line":3,"column":31},"end":{"line":15,"column":5}},"line":3}},"branchMap":{"0":{"loc":{"start":{"line":6,"column":8},"end":{"line":8,"column":9}},"type":"if","locations":[{"start":{"line":6,"column":8},"end":{"line":8,"column":9}},{"start":{"line":6,"column":8},"end":{"line":8,"column":9}}],"line":6},"1":{"loc":{"start":{"line":9,"column":8},"end":{"line":11,"column":9}},"type":"if","locations":[{"start":{"line":9,"column":8},"end":{"line":11,"column":9}},{"start":{"line":9,"column":8},"end":{"line":11,"column":9}}],"line":9}},"s":{"0":2,"1":0,"2":0,"3":0,"4":0,"5":0,"6":0,"7":2},"f":{"0":2,"1":0},"b":{"0":[0,0],"1":[0,0]},"_coverageSchema":"1a1c01bbd47fc00a2c39e90264f33305004495a9","hash":"2189deb763948f0cb16a3bcb58d3f10fd97d0f9e"}
,"/var/www/html/side_projects/hacker-flow/middleware/authVerify.js": {"path":"/var/www/html/side_projects/hacker-flow/middleware/authVerify.js","statementMap":{"0":{"start":{"line":2,"column":4},"end":{"line":12,"column":5}},"1":{"start":{"line":3,"column":39},"end":{"line":3,"column":47}},"2":{"start":{"line":5,"column":8},"end":{"line":7,"column":9}},"3":{"start":{"line":6,"column":8},"end":{"line":6,"column":73}},"4":{"start":{"line":8,"column":8},"end":{"line":10,"column":9}},"5":{"start":{"line":9,"column":12},"end":{"line":9,"column":77}},"6":{"start":{"line":11,"column":4},"end":{"line":11,"column":11}},"7":{"start":{"line":14,"column":0},"end":{"line":14,"column":28}}},"fnMap":{"0":{"name":"authVerify","decl":{"start":{"line":1,"column":9},"end":{"line":1,"column":19}},"loc":{"start":{"line":1,"column":22},"end":{"line":13,"column":1}},"line":1},"1":{"name":"(anonymous_1)","decl":{"start":{"line":2,"column":11},"end":{"line":2,"column":12}},"loc":{"start":{"line":2,"column":31},"end":{"line":12,"column":5}},"line":2}},"branchMap":{"0":{"loc":{"start":{"line":5,"column":8},"end":{"line":7,"column":9}},"type":"if","locations":[{"start":{"line":5,"column":8},"end":{"line":7,"column":9}},{"start":{"line":5,"column":8},"end":{"line":7,"column":9}}],"line":5},"1":{"loc":{"start":{"line":8,"column":8},"end":{"line":10,"column":9}},"type":"if","locations":[{"start":{"line":8,"column":8},"end":{"line":10,"column":9}},{"start":{"line":8,"column":8},"end":{"line":10,"column":9}}],"line":8}},"s":{"0":2,"1":8,"2":8,"3":1,"4":7,"5":1,"6":6,"7":2},"f":{"0":2,"1":8},"b":{"0":[1,7],"1":[1,6]},"_coverageSchema":"1a1c01bbd47fc00a2c39e90264f33305004495a9","hash":"715f2f58ddb00fb5d89f6a45ee324ccb3c5e03f1"}
,"/var/www/html/side_projects/hacker-flow/middleware/questionVerifyData.js": {"path":"/var/www/html/side_projects/hacker-flow/middleware/questionVerifyData.js","statementMap":{"0":{"start":{"line":3,"column":4},"end":{"line":17,"column":5}},"1":{"start":{"line":4,"column":46},"end":{"line":4,"column":54}},"2":{"start":{"line":6,"column":8},"end":{"line":8,"column":9}},"3":{"start":{"line":7,"column":12},"end":{"line":7,"column":73}},"4":{"start":{"line":9,"column":8},"end":{"line":11,"column":9}},"5":{"start":{"line":10,"column":12},"end":{"line":10,"column":76}},"6":{"start":{"line":12,"column":8},"end":{"line":14,"column":9}},"7":{"start":{"line":13,"column":12},"end":{"line":13,"column":76}},"8":{"start":{"line":16,"column":8},"end":{"line":16,"column":15}},"9":{"start":{"line":19,"column":0},"end":{"line":19,"column":36}}},"fnMap":{"0":{"name":"questionVerifyData","decl":{"start":{"line":2,"column":9},"end":{"line":2,"column":27}},"loc":{"start":{"line":2,"column":30},"end":{"line":18,"column":1}},"line":2},"1":{"name":"(anonymous_1)","decl":{"start":{"line":3,"column":11},"end":{"line":3,"column":12}},"loc":{"start":{"line":3,"column":31},"end":{"line":17,"column":5}},"line":3}},"branchMap":{"0":{"loc":{"start":{"line":6,"column":8},"end":{"line":8,"column":9}},"type":"if","locations":[{"start":{"line":6,"column":8},"end":{"line":8,"column":9}},{"start":{"line":6,"column":8},"end":{"line":8,"column":9}}],"line":6},"1":{"loc":{"start":{"line":9,"column":8},"end":{"line":11,"column":9}},"type":"if","locations":[{"start":{"line":9,"column":8},"end":{"line":11,"column":9}},{"start":{"line":9,"column":8},"end":{"line":11,"column":9}}],"line":9},"2":{"loc":{"start":{"line":12,"column":8},"end":{"line":14,"column":9}},"type":"if","locations":[{"start":{"line":12,"column":8},"end":{"line":14,"column":9}},{"start":{"line":12,"column":8},"end":{"line":14,"column":9}}],"line":12}},"s":{"0":2,"1":0,"2":0,"3":0,"4":0,"5":0,"6":0,"7":0,"8":0,"9":2},"f":{"0":2,"1":0},"b":{"0":[0,0],"1":[0,0],"2":[0,0]},"_coverageSchema":"1a1c01bbd47fc00a2c39e90264f33305004495a9","hash":"787bd9bdbe972b4e8009e452694b5930c8a3487c"}
,"/var/www/html/side_projects/hacker-flow/middleware/registerVerify.js": {"path":"/var/www/html/side_projects/hacker-flow/middleware/registerVerify.js","statementMap":{"0":{"start":{"line":2,"column":4},"end":{"line":23,"column":5}},"1":{"start":{"line":3,"column":75},"end":{"line":3,"column":83}},"2":{"start":{"line":4,"column":8},"end":{"line":6,"column":9}},"3":{"start":{"line":5,"column":12},"end":{"line":5,"column":74}},"4":{"start":{"line":7,"column":8},"end":{"line":9,"column":9}},"5":{"start":{"line":8,"column":12},"end":{"line":8,"column":74}},"6":{"start":{"line":10,"column":8},"end":{"line":12,"column":9}},"7":{"start":{"line":11,"column":12},"end":{"line":11,"column":71}},"8":{"start":{"line":13,"column":8},"end":{"line":15,"column":9}},"9":{"start":{"line":14,"column":12},"end":{"line":14,"column":76}},"10":{"start":{"line":16,"column":8},"end":{"line":18,"column":9}},"11":{"start":{"line":17,"column":12},"end":{"line":17,"column":75}},"12":{"start":{"line":19,"column":8},"end":{"line":21,"column":9}},"13":{"start":{"line":20,"column":12},"end":{"line":20,"column":73}},"14":{"start":{"line":22,"column":4},"end":{"line":22,"column":11}},"15":{"start":{"line":25,"column":0},"end":{"line":25,"column":32}}},"fnMap":{"0":{"name":"registerVerify","decl":{"start":{"line":1,"column":9},"end":{"line":1,"column":23}},"loc":{"start":{"line":1,"column":26},"end":{"line":24,"column":1}},"line":1},"1":{"name":"(anonymous_1)","decl":{"start":{"line":2,"column":11},"end":{"line":2,"column":12}},"loc":{"start":{"line":2,"column":31},"end":{"line":23,"column":5}},"line":2}},"branchMap":{"0":{"loc":{"start":{"line":4,"column":8},"end":{"line":6,"column":9}},"type":"if","locations":[{"start":{"line":4,"column":8},"end":{"line":6,"column":9}},{"start":{"line":4,"column":8},"end":{"line":6,"column":9}}],"line":4},"1":{"loc":{"start":{"line":7,"column":8},"end":{"line":9,"column":9}},"type":"if","locations":[{"start":{"line":7,"column":8},"end":{"line":9,"column":9}},{"start":{"line":7,"column":8},"end":{"line":9,"column":9}}],"line":7},"2":{"loc":{"start":{"line":10,"column":8},"end":{"line":12,"column":9}},"type":"if","locations":[{"start":{"line":10,"column":8},"end":{"line":12,"column":9}},{"start":{"line":10,"column":8},"end":{"line":12,"column":9}}],"line":10},"3":{"loc":{"start":{"line":13,"column":8},"end":{"line":15,"column":9}},"type":"if","locations":[{"start":{"line":13,"column":8},"end":{"line":15,"column":9}},{"start":{"line":13,"column":8},"end":{"line":15,"column":9}}],"line":13},"4":{"loc":{"start":{"line":16,"column":8},"end":{"line":18,"column":9}},"type":"if","locations":[{"start":{"line":16,"column":8},"end":{"line":18,"column":9}},{"start":{"line":16,"column":8},"end":{"line":18,"column":9}}],"line":16},"5":{"loc":{"start":{"line":19,"column":8},"end":{"line":21,"column":9}},"type":"if","locations":[{"start":{"line":19,"column":8},"end":{"line":21,"column":9}},{"start":{"line":19,"column":8},"end":{"line":21,"column":9}}],"line":19}},"s":{"0":2,"1":10,"2":10,"3":1,"4":9,"5":1,"6":8,"7":1,"8":7,"9":1,"10":6,"11":1,"12":5,"13":1,"14":4,"15":2},"f":{"0":2,"1":10},"b":{"0":[1,9],"1":[1,8],"2":[1,7],"3":[1,6],"4":[1,5],"5":[1,4]},"_coverageSchema":"1a1c01bbd47fc00a2c39e90264f33305004495a9","hash":"13c6190e74c97737eec7db88481feb5dde2a6793"}
,"/var/www/html/side_projects/hacker-flow/middleware/restrict.js": {"path":"/var/www/html/side_projects/hacker-flow/middleware/restrict.js","statementMap":{"0":{"start":{"line":2,"column":12},"end":{"line":2,"column":35}},"1":{"start":{"line":3,"column":15},"end":{"line":3,"column":42}},"2":{"start":{"line":6,"column":20},"end":{"line":6,"column":54}},"3":{"start":{"line":7,"column":2},"end":{"line":53,"column":4}},"4":{"start":{"line":8,"column":22},"end":{"line":8,"column":33}},"5":{"start":{"line":9,"column":19},"end":{"line":9,"column":43}},"6":{"start":{"line":11,"column":4},"end":{"line":52,"column":5}},"7":{"start":{"line":15,"column":6},"end":{"line":31,"column":7}},"8":{"start":{"line":16,"column":8},"end":{"line":18,"column":9}},"9":{"start":{"line":17,"column":10},"end":{"line":17,"column":49}},"10":{"start":{"line":19,"column":8},"end":{"line":27,"column":11}},"11":{"start":{"line":20,"column":10},"end":{"line":26,"column":11}},"12":{"start":{"line":21,"column":12},"end":{"line":21,"column":51}},"13":{"start":{"line":23,"column":12},"end":{"line":23,"column":32}},"14":{"start":{"line":24,"column":12},"end":{"line":24,"column":46}},"15":{"start":{"line":25,"column":12},"end":{"line":25,"column":19}},"16":{"start":{"line":29,"column":8},"end":{"line":29,"column":25}},"17":{"start":{"line":30,"column":8},"end":{"line":30,"column":18}},"18":{"start":{"line":35,"column":10},"end":{"line":51,"column":7}},"19":{"start":{"line":36,"column":8},"end":{"line":38,"column":9}},"20":{"start":{"line":37,"column":10},"end":{"line":37,"column":49}},"21":{"start":{"line":39,"column":8},"end":{"line":47,"column":11}},"22":{"start":{"line":40,"column":10},"end":{"line":46,"column":11}},"23":{"start":{"line":41,"column":12},"end":{"line":41,"column":51}},"24":{"start":{"line":43,"column":12},"end":{"line":43,"column":32}},"25":{"start":{"line":44,"column":12},"end":{"line":44,"column":46}},"26":{"start":{"line":45,"column":12},"end":{"line":45,"column":19}},"27":{"start":{"line":49,"column":8},"end":{"line":49,"column":25}},"28":{"start":{"line":50,"column":8},"end":{"line":50,"column":18}},"29":{"start":{"line":56,"column":0},"end":{"line":56,"column":26}}},"fnMap":{"0":{"name":"restrict","decl":{"start":{"line":5,"column":9},"end":{"line":5,"column":17}},"loc":{"start":{"line":5,"column":20},"end":{"line":54,"column":1}},"line":5},"1":{"name":"(anonymous_1)","decl":{"start":{"line":7,"column":9},"end":{"line":7,"column":10}},"loc":{"start":{"line":7,"column":35},"end":{"line":53,"column":3}},"line":7},"2":{"name":"(anonymous_2)","decl":{"start":{"line":19,"column":45},"end":{"line":19,"column":46}},"loc":{"start":{"line":19,"column":63},"end":{"line":27,"column":9}},"line":19},"3":{"name":"(anonymous_3)","decl":{"start":{"line":39,"column":44},"end":{"line":39,"column":45}},"loc":{"start":{"line":39,"column":62},"end":{"line":47,"column":9}},"line":39}},"branchMap":{"0":{"loc":{"start":{"line":11,"column":4},"end":{"line":52,"column":5}},"type":"if","locations":[{"start":{"line":11,"column":4},"end":{"line":52,"column":5}},{"start":{"line":11,"column":4},"end":{"line":52,"column":5}}],"line":11},"1":{"loc":{"start":{"line":11,"column":8},"end":{"line":11,"column":47}},"type":"binary-expr","locations":[{"start":{"line":11,"column":8},"end":{"line":11,"column":28}},{"start":{"line":11,"column":32},"end":{"line":11,"column":47}}],"line":11},"2":{"loc":{"start":{"line":16,"column":8},"end":{"line":18,"column":9}},"type":"if","locations":[{"start":{"line":16,"column":8},"end":{"line":18,"column":9}},{"start":{"line":16,"column":8},"end":{"line":18,"column":9}}],"line":16},"3":{"loc":{"start":{"line":20,"column":10},"end":{"line":26,"column":11}},"type":"if","locations":[{"start":{"line":20,"column":10},"end":{"line":26,"column":11}},{"start":{"line":20,"column":10},"end":{"line":26,"column":11}}],"line":20},"4":{"loc":{"start":{"line":36,"column":8},"end":{"line":38,"column":9}},"type":"if","locations":[{"start":{"line":36,"column":8},"end":{"line":38,"column":9}},{"start":{"line":36,"column":8},"end":{"line":38,"column":9}}],"line":36},"5":{"loc":{"start":{"line":40,"column":10},"end":{"line":46,"column":11}},"type":"if","locations":[{"start":{"line":40,"column":10},"end":{"line":46,"column":11}},{"start":{"line":40,"column":10},"end":{"line":46,"column":11}}],"line":40}},"s":{"0":2,"1":2,"2":6,"3":6,"4":4,"5":4,"6":4,"7":4,"8":4,"9":4,"10":0,"11":0,"12":0,"13":0,"14":0,"15":0,"16":0,"17":0,"18":0,"19":0,"20":0,"21":0,"22":0,"23":0,"24":0,"25":0,"26":0,"27":0,"28":0,"29":2},"f":{"0":6,"1":4,"2":0,"3":0},"b":{"0":[4,0],"1":[4,4],"2":[4,0],"3":[0,0],"4":[0,0],"5":[0,0]},"_coverageSchema":"1a1c01bbd47fc00a2c39e90264f33305004495a9","hash":"67978c20eb5ec5c32c69c3b34bbe14fe69e1f0c4"}
,"/var/www/html/side_projects/hacker-flow/middleware/restrictRoleAnswer.js": {"path":"/var/www/html/side_projects/hacker-flow/middleware/restrictRoleAnswer.js","statementMap":{"0":{"start":{"line":3,"column":4},"end":{"line":10,"column":5}},"1":{"start":{"line":4,"column":8},"end":{"line":9,"column":10}},"2":{"start":{"line":6,"column":13},"end":{"line":6,"column":20}},"3":{"start":{"line":8,"column":13},"end":{"line":8,"column":75}},"4":{"start":{"line":13,"column":0},"end":{"line":13,"column":36}}},"fnMap":{"0":{"name":"restrictRoleAnswer","decl":{"start":{"line":2,"column":9},"end":{"line":2,"column":27}},"loc":{"start":{"line":2,"column":30},"end":{"line":11,"column":1}},"line":2},"1":{"name":"(anonymous_1)","decl":{"start":{"line":3,"column":11},"end":{"line":3,"column":12}},"loc":{"start":{"line":3,"column":37},"end":{"line":10,"column":5}},"line":3}},"branchMap":{"0":{"loc":{"start":{"line":4,"column":8},"end":{"line":9,"column":10}},"type":"if","locations":[{"start":{"line":4,"column":8},"end":{"line":9,"column":10}},{"start":{"line":4,"column":8},"end":{"line":9,"column":10}}],"line":4},"1":{"loc":{"start":{"line":4,"column":11},"end":{"line":5,"column":38}},"type":"binary-expr","locations":[{"start":{"line":4,"column":11},"end":{"line":4,"column":20}},{"start":{"line":4,"column":24},"end":{"line":4,"column":48}},{"start":{"line":5,"column":9},"end":{"line":5,"column":38}}],"line":4}},"s":{"0":0,"1":0,"2":0,"3":0,"4":2},"f":{"0":0,"1":0},"b":{"0":[0,0],"1":[0,0,0]},"_coverageSchema":"1a1c01bbd47fc00a2c39e90264f33305004495a9","hash":"5aa966559ec08beddd6e3854b6364b8f60cba3b0"}
,"/var/www/html/side_projects/hacker-flow/middleware/restrictRoleQuestion.js": {"path":"/var/www/html/side_projects/hacker-flow/middleware/restrictRoleQuestion.js","statementMap":{"0":{"start":{"line":3,"column":4},"end":{"line":9,"column":5}},"1":{"start":{"line":4,"column":8},"end":{"line":8,"column":9}},"2":{"start":{"line":5,"column":12},"end":{"line":5,"column":19}},"3":{"start":{"line":7,"column":12},"end":{"line":7,"column":73}},"4":{"start":{"line":11,"column":0},"end":{"line":11,"column":38}}},"fnMap":{"0":{"name":"restrictRoleQuestion","decl":{"start":{"line":2,"column":9},"end":{"line":2,"column":29}},"loc":{"start":{"line":2,"column":36},"end":{"line":10,"column":1}},"line":2},"1":{"name":"(anonymous_1)","decl":{"start":{"line":3,"column":11},"end":{"line":3,"column":12}},"loc":{"start":{"line":3,"column":37},"end":{"line":9,"column":5}},"line":3}},"branchMap":{"0":{"loc":{"start":{"line":4,"column":8},"end":{"line":8,"column":9}},"type":"if","locations":[{"start":{"line":4,"column":8},"end":{"line":8,"column":9}},{"start":{"line":4,"column":8},"end":{"line":8,"column":9}}],"line":4},"1":{"loc":{"start":{"line":4,"column":11},"end":{"line":4,"column":82}},"type":"binary-expr","locations":[{"start":{"line":4,"column":11},"end":{"line":4,"column":20}},{"start":{"line":4,"column":24},"end":{"line":4,"column":49}},{"start":{"line":4,"column":53},"end":{"line":4,"column":82}}],"line":4}},"s":{"0":2,"1":0,"2":0,"3":0,"4":2},"f":{"0":2,"1":0},"b":{"0":[0,0],"1":[0,0,0]},"_coverageSchema":"1a1c01bbd47fc00a2c39e90264f33305004495a9","hash":"095d5b6d456845fe3dee5cde3ec3f30df2ad2a8c"}
,"/var/www/html/side_projects/hacker-flow/questions/questions-model.js": {"path":"/var/www/html/side_projects/hacker-flow/questions/questions-model.js","statementMap":{"0":{"start":{"line":3,"column":11},"end":{"line":3,"column":36}},"1":{"start":{"line":5,"column":0},"end":{"line":11,"column":2}},"2":{"start":{"line":14,"column":2},"end":{"line":24,"column":30}},"3":{"start":{"line":28,"column":2},"end":{"line":40,"column":13}},"4":{"start":{"line":44,"column":2},"end":{"line":54,"column":29}},"5":{"start":{"line":58,"column":2},"end":{"line":69,"column":13}},"6":{"start":{"line":73,"column":15},"end":{"line":73,"column":53}},"7":{"start":{"line":75,"column":2},"end":{"line":75,"column":26}}},"fnMap":{"0":{"name":"unansweredQuestions","decl":{"start":{"line":13,"column":9},"end":{"line":13,"column":28}},"loc":{"start":{"line":13,"column":31},"end":{"line":25,"column":1}},"line":13},"1":{"name":"unansweredById","decl":{"start":{"line":27,"column":9},"end":{"line":27,"column":23}},"loc":{"start":{"line":27,"column":28},"end":{"line":41,"column":1}},"line":27},"2":{"name":"answeredQuestions","decl":{"start":{"line":43,"column":9},"end":{"line":43,"column":26}},"loc":{"start":{"line":43,"column":29},"end":{"line":55,"column":1}},"line":43},"3":{"name":"questionById","decl":{"start":{"line":57,"column":9},"end":{"line":57,"column":21}},"loc":{"start":{"line":57,"column":26},"end":{"line":70,"column":1}},"line":57},"4":{"name":"addQuestion","decl":{"start":{"line":72,"column":15},"end":{"line":72,"column":26}},"loc":{"start":{"line":72,"column":37},"end":{"line":76,"column":1}},"line":72}},"branchMap":{},"s":{"0":3,"1":3,"2":1,"3":1,"4":1,"5":2,"6":1,"7":1},"f":{"0":1,"1":1,"2":1,"3":2,"4":1},"b":{},"_coverageSchema":"1a1c01bbd47fc00a2c39e90264f33305004495a9","hash":"13c0827a73ede09d346cb7bbe4c61fd0ae860c92"}
,"/var/www/html/side_projects/hacker-flow/questions/questions-router.js": {"path":"/var/www/html/side_projects/hacker-flow/questions/questions-router.js","statementMap":{"0":{"start":{"line":2,"column":16},"end":{"line":2,"column":34}},"1":{"start":{"line":3,"column":22},"end":{"line":3,"column":61}},"2":{"start":{"line":6,"column":17},"end":{"line":6,"column":50}},"3":{"start":{"line":7,"column":23},"end":{"line":7,"column":66}},"4":{"start":{"line":8,"column":29},"end":{"line":8,"column":74}},"5":{"start":{"line":10,"column":15},"end":{"line":10,"column":31}},"6":{"start":{"line":18,"column":0},"end":{"line":31,"column":3}},"7":{"start":{"line":19,"column":2},"end":{"line":30,"column":3}},"8":{"start":{"line":20,"column":23},"end":{"line":20,"column":64}},"9":{"start":{"line":21,"column":4},"end":{"line":25,"column":5}},"10":{"start":{"line":22,"column":6},"end":{"line":24,"column":9}},"11":{"start":{"line":26,"column":4},"end":{"line":26,"column":37}},"12":{"start":{"line":28,"column":4},"end":{"line":28,"column":21}},"13":{"start":{"line":29,"column":4},"end":{"line":29,"column":14}},"14":{"start":{"line":39,"column":0},"end":{"line":52,"column":3}},"15":{"start":{"line":40,"column":17},"end":{"line":40,"column":27}},"16":{"start":{"line":41,"column":2},"end":{"line":51,"column":3}},"17":{"start":{"line":42,"column":23},"end":{"line":42,"column":61}},"18":{"start":{"line":43,"column":4},"end":{"line":47,"column":5}},"19":{"start":{"line":44,"column":6},"end":{"line":46,"column":67}},"20":{"start":{"line":48,"column":4},"end":{"line":48,"column":37}},"21":{"start":{"line":50,"column":4},"end":{"line":50,"column":14}},"22":{"start":{"line":60,"column":0},"end":{"line":83,"column":2}},"23":{"start":{"line":66,"column":67},"end":{"line":66,"column":75}},"24":{"start":{"line":67,"column":4},"end":{"line":81,"column":5}},"25":{"start":{"line":68,"column":26},"end":{"line":76,"column":7}},"26":{"start":{"line":77,"column":26},"end":{"line":77,"column":70}},"27":{"start":{"line":78,"column":6},"end":{"line":78,"column":40}},"28":{"start":{"line":80,"column":6},"end":{"line":80,"column":16}},"29":{"start":{"line":85,"column":0},"end":{"line":85,"column":24}}},"fnMap":{"0":{"name":"(anonymous_0)","decl":{"start":{"line":18,"column":38},"end":{"line":18,"column":39}},"loc":{"start":{"line":18,"column":64},"end":{"line":31,"column":1}},"line":18},"1":{"name":"(anonymous_1)","decl":{"start":{"line":39,"column":42},"end":{"line":39,"column":43}},"loc":{"start":{"line":39,"column":68},"end":{"line":52,"column":1}},"line":39},"2":{"name":"(anonymous_2)","decl":{"start":{"line":65,"column":2},"end":{"line":65,"column":3}},"loc":{"start":{"line":65,"column":28},"end":{"line":82,"column":3}},"line":65}},"branchMap":{"0":{"loc":{"start":{"line":21,"column":4},"end":{"line":25,"column":5}},"type":"if","locations":[{"start":{"line":21,"column":4},"end":{"line":25,"column":5}},{"start":{"line":21,"column":4},"end":{"line":25,"column":5}}],"line":21},"1":{"loc":{"start":{"line":43,"column":4},"end":{"line":47,"column":5}},"type":"if","locations":[{"start":{"line":43,"column":4},"end":{"line":47,"column":5}},{"start":{"line":43,"column":4},"end":{"line":47,"column":5}}],"line":43},"2":{"loc":{"start":{"line":72,"column":23},"end":{"line":72,"column":45}},"type":"binary-expr","locations":[{"start":{"line":72,"column":23},"end":{"line":72,"column":36}},{"start":{"line":72,"column":40},"end":{"line":72,"column":45}}],"line":72},"3":{"loc":{"start":{"line":73,"column":18},"end":{"line":73,"column":35}},"type":"binary-expr","locations":[{"start":{"line":73,"column":18},"end":{"line":73,"column":26}},{"start":{"line":73,"column":30},"end":{"line":73,"column":35}}],"line":73}},"s":{"0":2,"1":2,"2":2,"3":2,"4":2,"5":2,"6":2,"7":0,"8":0,"9":0,"10":0,"11":0,"12":0,"13":0,"14":2,"15":0,"16":0,"17":0,"18":0,"19":0,"20":0,"21":0,"22":2,"23":0,"24":0,"25":0,"26":0,"27":0,"28":0,"29":2},"f":{"0":0,"1":0,"2":0},"b":{"0":[0,0],"1":[0,0],"2":[0,0],"3":[0,0]},"_coverageSchema":"1a1c01bbd47fc00a2c39e90264f33305004495a9","hash":"00d79fec19b63c343f36c044f2f3f1de4ce73442"}
,"/var/www/html/side_projects/hacker-flow/users/users-model.js": {"path":"/var/www/html/side_projects/hacker-flow/users/users-model.js","statementMap":{"0":{"start":{"line":3,"column":11},"end":{"line":3,"column":36}},"1":{"start":{"line":4,"column":15},"end":{"line":4,"column":34}},"2":{"start":{"line":6,"column":0},"end":{"line":13,"column":2}},"3":{"start":{"line":16,"column":1},"end":{"line":23,"column":3}},"4":{"start":{"line":27,"column":1},"end":{"line":29,"column":72}},"5":{"start":{"line":33,"column":1},"end":{"line":36,"column":11}},"6":{"start":{"line":40,"column":1},"end":{"line":43,"column":11}},"7":{"start":{"line":47,"column":1},"end":{"line":47,"column":54}},"8":{"start":{"line":48,"column":14},"end":{"line":48,"column":44}},"9":{"start":{"line":50,"column":1},"end":{"line":50,"column":21}}},"fnMap":{"0":{"name":"getUsers","decl":{"start":{"line":15,"column":9},"end":{"line":15,"column":17}},"loc":{"start":{"line":15,"column":20},"end":{"line":24,"column":1}},"line":15},"1":{"name":"findBy","decl":{"start":{"line":26,"column":9},"end":{"line":26,"column":15}},"loc":{"start":{"line":26,"column":24},"end":{"line":30,"column":1}},"line":26},"2":{"name":"findById","decl":{"start":{"line":32,"column":9},"end":{"line":32,"column":17}},"loc":{"start":{"line":32,"column":22},"end":{"line":37,"column":1}},"line":32},"3":{"name":"findPassByUser","decl":{"start":{"line":39,"column":9},"end":{"line":39,"column":23}},"loc":{"start":{"line":39,"column":32},"end":{"line":44,"column":1}},"line":39},"4":{"name":"addUser","decl":{"start":{"line":46,"column":15},"end":{"line":46,"column":22}},"loc":{"start":{"line":46,"column":29},"end":{"line":51,"column":1}},"line":46}},"branchMap":{},"s":{"0":3,"1":3,"2":3,"3":1,"4":6,"5":7,"6":8,"7":6,"8":6,"9":5},"f":{"0":1,"1":6,"2":7,"3":8,"4":6},"b":{},"_coverageSchema":"1a1c01bbd47fc00a2c39e90264f33305004495a9","hash":"5b978e4b17e2aeaa44b2d455c677129170659460"}
}
