TN:
SF:answers/answers-model.js
FN:13,findById
FN:25,addAnswer
FN:31,updateAnswer
FN:35,removeAnswer
FNF:4
FNH:2
FNDA:3,findById
FNDA:2,addAnswer
FNDA:0,updateAnswer
FNDA:0,removeAnswer
DA:1,4
DA:3,4
DA:14,3
DA:26,2
DA:28,2
DA:32,0
DA:36,0
LF:7
LH:5
BRF:0
BRH:0
end_of_record
TN:
SF:answers/answers-router.js
FN:16,(anonymous_0)
FNF:1
FNH:1
FNDA:1,(anonymous_0)
DA:1,3
DA:2,3
DA:4,3
DA:5,3
DA:6,3
DA:9,3
DA:11,3
DA:18,1
DA:19,1
DA:20,1
DA:28,1
DA:29,1
DA:30,1
DA:31,0
DA:33,1
DA:35,0
DA:36,0
DA:41,3
LF:18
LH:15
BRDA:23,0,0,1
BRDA:23,0,1,0
BRDA:30,1,0,0
BRDA:30,1,1,1
BRF:4
BRH:2
end_of_record
TN:
SF:auth/auth-router.js
FN:21,(anonymous_0)
FN:52,(anonymous_1)
FNF:2
FNH:2
FNDA:4,(anonymous_0)
FNDA:3,(anonymous_1)
DA:3,3
DA:4,3
DA:5,3
DA:6,3
DA:8,3
DA:9,3
DA:12,3
DA:21,3
DA:22,4
DA:24,4
DA:25,4
DA:26,4
DA:27,1
DA:30,4
DA:38,4
DA:39,3
DA:41,1
DA:52,3
DA:53,3
DA:55,3
DA:56,3
DA:58,3
DA:59,1
DA:62,2
DA:64,2
DA:65,1
DA:67,1
DA:68,1
DA:69,1
DA:71,1
DA:79,0
DA:80,0
DA:84,3
LF:33
LH:31
BRDA:26,0,0,1
BRDA:26,0,1,3
BRDA:58,1,0,1
BRDA:58,1,1,2
BRDA:64,2,0,1
BRDA:64,2,1,1
BRF:6
BRH:6
end_of_record
TN:
SF:auth/genToken.js
FN:7,genToken
FNF:1
FNH:1
FNDA:1,genToken
DA:1,3
DA:2,3
DA:8,1
DA:16,1
DA:19,3
LF:5
LH:5
BRF:0
BRH:0
end_of_record
TN:
SF:questions/questions-model.js
FN:16,unansweredQuestions
FN:31,unansweredById
FN:48,answeredQuestions
FN:63,questionById
FN:79,addQuestion
FN:89,getAllQuestionAnswers
FN:105,getAllQuestions
FN:120,getQuestionAndAnswers
FNF:8
FNH:8
FNDA:2,unansweredQuestions
FNDA:1,unansweredById
FNDA:1,answeredQuestions
FNDA:2,questionById
FNDA:1,addQuestion
FNDA:4,getAllQuestionAnswers
FNDA:2,getAllQuestions
FNDA:3,getQuestionAndAnswers
DA:3,4
DA:5,4
DA:17,2
DA:32,1
DA:49,1
DA:64,2
DA:80,1
DA:82,1
DA:90,4
DA:106,2
DA:121,3
LF:11
LH:11
BRF:0
BRH:0
end_of_record
TN:
SF:questions/questions-router.js
FN:18,(anonymous_0)
FN:39,(anonymous_1)
FN:65,(anonymous_2)
FN:91,(anonymous_3)
FN:109,(anonymous_4)
FN:123,(anonymous_5)
FNF:6
FNH:4
FNDA:1,(anonymous_0)
FNDA:0,(anonymous_1)
FNDA:0,(anonymous_2)
FNDA:1,(anonymous_3)
FNDA:1,(anonymous_4)
FNDA:2,(anonymous_5)
DA:2,3
DA:3,3
DA:6,3
DA:7,3
DA:8,3
DA:10,3
DA:18,3
DA:19,1
DA:20,1
DA:21,1
DA:22,0
DA:26,1
DA:28,0
DA:29,0
DA:39,3
DA:40,0
DA:41,0
DA:42,0
DA:43,0
DA:44,0
DA:48,0
DA:50,0
DA:60,3
DA:66,0
DA:67,0
DA:68,0
DA:77,0
DA:78,0
DA:80,0
DA:91,3
DA:92,1
DA:93,1
DA:94,1
DA:97,1
DA:98,0
DA:103,1
DA:105,0
DA:109,3
DA:110,1
DA:111,1
DA:112,1
DA:113,0
DA:117,1
DA:119,0
DA:123,3
DA:124,2
DA:125,2
DA:126,2
DA:130,2
DA:131,0
DA:135,2
DA:136,1
DA:140,1
DA:142,0
DA:143,0
DA:147,3
LF:56
LH:33
BRDA:21,0,0,0
BRDA:21,0,1,1
BRDA:43,1,0,0
BRDA:43,1,1,0
BRDA:72,2,0,0
BRDA:72,2,1,0
BRDA:73,3,0,0
BRDA:73,3,1,0
BRDA:97,4,0,0
BRDA:97,4,1,1
BRDA:112,5,0,0
BRDA:112,5,1,1
BRDA:130,6,0,0
BRDA:130,6,1,2
BRDA:135,7,0,1
BRDA:135,7,1,1
BRF:16
BRH:6
end_of_record
TN:
SF:users/users-model.js
FN:15,getUsers
FN:26,findBy
FN:32,findById
FN:39,findPassByUser
FN:46,addUser
FNF:5
FNH:5
FNDA:1,getUsers
FNDA:6,findBy
FNDA:6,findById
FNDA:5,findPassByUser
FNDA:5,addUser
DA:3,4
DA:4,4
DA:6,4
DA:16,1
DA:27,6
DA:33,6
DA:40,5
DA:47,5
DA:48,5
DA:50,4
LF:10
LH:10
BRF:0
BRH:0
end_of_record
