TN:
SF:knexfile.js
FN:19,(anonymous_0)
FN:37,(anonymous_1)
FNF:2
FNH:1
FNDA:0,(anonymous_0)
FNDA:5,(anonymous_1)
DA:5,5
DA:20,0
DA:38,5
LF:3
LH:2
BRF:0
BRH:0
end_of_record
TN:
SF:server.js
FN:19,(anonymous_0)
FN:27,(anonymous_1)
FN:31,(anonymous_2)
FNF:3
FNH:1
FNDA:0,(anonymous_0)
FNDA:0,(anonymous_1)
FNDA:1,(anonymous_2)
DA:2,2
DA:3,2
DA:4,2
DA:5,2
DA:6,2
DA:8,2
DA:9,2
DA:10,2
DA:12,2
DA:14,2
DA:15,2
DA:16,2
DA:17,2
DA:19,2
DA:20,0
DA:23,2
DA:24,2
DA:25,2
DA:27,2
DA:28,0
DA:31,2
DA:32,1
DA:35,2
LF:23
LH:21
BRF:0
BRH:0
end_of_record
TN:
SF:Secret/secret.js
FNF:0
FNH:0
DA:3,2
LF:1
LH:1
BRDA:4,0,0,2
BRDA:4,0,1,0
BRF:2
BRH:1
end_of_record
TN:
SF:answers/answers-model.js
FN:12,getQuestionAnswers
FN:25,findById
FN:37,addAnswer
FN:43,updateAnswer
FN:47,removeAnswer
FNF:5
FNH:3
FNDA:2,getQuestionAnswers
FNDA:2,findById
FNDA:1,addAnswer
FNDA:0,updateAnswer
FNDA:0,removeAnswer
DA:1,3
DA:3,3
DA:13,2
DA:26,2
DA:38,1
DA:40,1
DA:44,0
DA:48,0
LF:8
LH:6
BRF:0
BRH:0
end_of_record
TN:
SF:answers/answers-router.js
FN:13,(anonymous_0)
FNF:1
FNH:0
FNDA:0,(anonymous_0)
DA:1,2
DA:2,2
DA:4,2
DA:5,2
DA:6,2
DA:9,2
DA:11,2
DA:15,0
DA:16,0
DA:17,0
DA:25,0
DA:26,0
DA:27,0
DA:28,0
DA:30,0
DA:32,0
DA:33,0
DA:38,2
LF:18
LH:8
BRDA:20,0,0,0
BRDA:20,0,1,0
BRDA:27,1,0,0
BRDA:27,1,1,0
BRF:4
BRH:0
end_of_record
TN:
SF:auth/auth-router.js
FN:21,(anonymous_0)
FN:52,(anonymous_1)
FNF:2
FNH:2
FNDA:4,(anonymous_0)
FNDA:6,(anonymous_1)
DA:3,2
DA:4,2
DA:5,2
DA:6,2
DA:8,2
DA:9,2
DA:12,2
DA:21,2
DA:22,4
DA:24,4
DA:25,4
DA:26,4
DA:27,1
DA:30,4
DA:38,4
DA:39,3
DA:41,1
DA:52,2
DA:53,6
DA:55,6
DA:56,6
DA:58,6
DA:59,1
DA:62,5
DA:64,5
DA:65,1
DA:67,4
DA:69,4
DA:71,4
DA:79,0
DA:80,0
DA:84,2
LF:32
LH:30
BRDA:26,0,0,1
BRDA:26,0,1,3
BRDA:58,1,0,1
BRDA:58,1,1,5
BRDA:64,2,0,1
BRDA:64,2,1,4
BRF:6
BRH:6
end_of_record
TN:
SF:auth/genToken.js
FN:7,genToken
FNF:1
FNH:1
FNDA:4,genToken
DA:1,2
DA:2,2
DA:8,4
DA:13,4
DA:16,4
DA:19,2
LF:6
LH:6
BRF:0
BRH:0
end_of_record
TN:
SF:data/config.js
FNF:0
FNH:0
DA:3,5
DA:4,5
DA:6,5
DA:8,5
LF:4
LH:4
BRDA:6,0,0,5
BRDA:6,0,1,0
BRF:2
BRH:1
end_of_record
TN:
SF:data/seeds/000_cleanup.js
FN:3,(anonymous_0)
FNF:1
FNH:1
FNDA:19,(anonymous_0)
DA:3,4
DA:5,19
DA:6,19
DA:7,19
LF:4
LH:4
BRF:0
BRH:0
end_of_record
TN:
SF:data/seeds/001_hackerflow_data.js
FN:4,(anonymous_0)
FNF:1
FNH:1
FNDA:19,(anonymous_0)
DA:2,4
DA:4,4
DA:5,19
DA:78,19
DA:185,19
LF:5
LH:5
BRF:0
BRH:0
end_of_record
TN:
SF:middleware/answerVerify.js
FN:2,answerVerify
FN:3,(anonymous_1)
FNF:2
FNH:1
FNDA:2,answerVerify
FNDA:0,(anonymous_1)
DA:3,2
DA:4,0
DA:6,0
DA:7,0
DA:9,0
DA:10,0
DA:14,0
DA:18,2
LF:8
LH:2
BRDA:6,0,0,0
BRDA:6,0,1,0
BRDA:9,1,0,0
BRDA:9,1,1,0
BRF:4
BRH:0
end_of_record
TN:
SF:middleware/authVerify.js
FN:1,authVerify
FN:2,(anonymous_1)
FNF:2
FNH:2
FNDA:2,authVerify
FNDA:8,(anonymous_1)
DA:2,2
DA:3,8
DA:5,8
DA:6,1
DA:8,7
DA:9,1
DA:11,6
DA:14,2
LF:8
LH:8
BRDA:5,0,0,1
BRDA:5,0,1,7
BRDA:8,1,0,1
BRDA:8,1,1,6
BRF:4
BRH:4
end_of_record
TN:
SF:middleware/questionVerifyData.js
FN:2,questionVerifyData
FN:3,(anonymous_1)
FNF:2
FNH:1
FNDA:2,questionVerifyData
FNDA:0,(anonymous_1)
DA:3,2
DA:4,0
DA:6,0
DA:7,0
DA:9,0
DA:10,0
DA:12,0
DA:13,0
DA:16,0
DA:19,2
LF:10
LH:2
BRDA:6,0,0,0
BRDA:6,0,1,0
BRDA:9,1,0,0
BRDA:9,1,1,0
BRDA:12,2,0,0
BRDA:12,2,1,0
BRF:6
BRH:0
end_of_record
TN:
SF:middleware/registerVerify.js
FN:1,registerVerify
FN:2,(anonymous_1)
FNF:2
FNH:2
FNDA:2,registerVerify
FNDA:10,(anonymous_1)
DA:2,2
DA:3,10
DA:4,10
DA:5,1
DA:7,9
DA:8,1
DA:10,8
DA:11,1
DA:13,7
DA:14,1
DA:16,6
DA:17,1
DA:19,5
DA:20,1
DA:22,4
DA:25,2
LF:16
LH:16
BRDA:4,0,0,1
BRDA:4,0,1,9
BRDA:7,1,0,1
BRDA:7,1,1,8
BRDA:10,2,0,1
BRDA:10,2,1,7
BRDA:13,3,0,1
BRDA:13,3,1,6
BRDA:16,4,0,1
BRDA:16,4,1,5
BRDA:19,5,0,1
BRDA:19,5,1,4
BRF:12
BRH:12
end_of_record
TN:
SF:middleware/restrict.js
FN:5,restrict
FN:7,(anonymous_1)
FN:19,(anonymous_2)
FN:39,(anonymous_3)
FNF:4
FNH:2
FNDA:6,restrict
FNDA:4,(anonymous_1)
FNDA:0,(anonymous_2)
FNDA:0,(anonymous_3)
DA:2,2
DA:3,2
DA:6,6
DA:7,6
DA:8,4
DA:9,4
DA:11,4
DA:15,4
DA:16,4
DA:17,4
DA:19,0
DA:20,0
DA:21,0
DA:23,0
DA:24,0
DA:25,0
DA:29,0
DA:30,0
DA:35,0
DA:36,0
DA:37,0
DA:39,0
DA:40,0
DA:41,0
DA:43,0
DA:44,0
DA:45,0
DA:49,0
DA:50,0
DA:56,2
LF:30
LH:11
BRDA:11,0,0,4
BRDA:11,0,1,0
BRDA:11,1,0,4
BRDA:11,1,1,4
BRDA:16,2,0,4
BRDA:16,2,1,0
BRDA:20,3,0,0
BRDA:20,3,1,0
BRDA:36,4,0,0
BRDA:36,4,1,0
BRDA:40,5,0,0
BRDA:40,5,1,0
BRF:12
BRH:4
end_of_record
TN:
SF:middleware/restrictRoleAnswer.js
FN:2,restrictRoleAnswer
FN:3,(anonymous_1)
FNF:2
FNH:0
FNDA:0,restrictRoleAnswer
FNDA:0,(anonymous_1)
DA:3,0
DA:4,0
DA:6,0
DA:8,0
DA:13,2
LF:5
LH:1
BRDA:4,0,0,0
BRDA:4,0,1,0
BRDA:4,1,0,0
BRDA:4,1,1,0
BRDA:4,1,2,0
BRF:5
BRH:0
end_of_record
TN:
SF:middleware/restrictRoleQuestion.js
FN:2,restrictRoleQuestion
FN:3,(anonymous_1)
FNF:2
FNH:1
FNDA:2,restrictRoleQuestion
FNDA:0,(anonymous_1)
DA:3,2
DA:4,0
DA:5,0
DA:7,0
DA:11,2
LF:5
LH:2
BRDA:4,0,0,0
BRDA:4,0,1,0
BRDA:4,1,0,0
BRDA:4,1,1,0
BRDA:4,1,2,0
BRF:5
BRH:0
end_of_record
TN:
SF:questions/questions-model.js
FN:13,unansweredQuestions
FN:27,unansweredById
FN:43,answeredQuestions
FN:57,questionById
FN:72,addQuestion
FNF:5
FNH:5
FNDA:1,unansweredQuestions
FNDA:1,unansweredById
FNDA:1,answeredQuestions
FNDA:2,questionById
FNDA:1,addQuestion
DA:3,3
DA:5,3
DA:14,1
DA:28,1
DA:44,1
DA:58,2
DA:73,1
DA:75,1
LF:8
LH:8
BRF:0
BRH:0
end_of_record
TN:
SF:questions/questions-router.js
FN:18,(anonymous_0)
FN:39,(anonymous_1)
FN:65,(anonymous_2)
FNF:3
FNH:0
FNDA:0,(anonymous_0)
FNDA:0,(anonymous_1)
FNDA:0,(anonymous_2)
DA:2,2
DA:3,2
DA:6,2
DA:7,2
DA:8,2
DA:10,2
DA:18,2
DA:19,0
DA:20,0
DA:21,0
DA:22,0
DA:26,0
DA:28,0
DA:29,0
DA:39,2
DA:40,0
DA:41,0
DA:42,0
DA:43,0
DA:44,0
DA:48,0
DA:50,0
DA:60,2
DA:66,0
DA:67,0
DA:68,0
DA:77,0
DA:78,0
DA:80,0
DA:85,2
LF:30
LH:10
BRDA:21,0,0,0
BRDA:21,0,1,0
BRDA:43,1,0,0
BRDA:43,1,1,0
BRDA:72,2,0,0
BRDA:72,2,1,0
BRDA:73,3,0,0
BRDA:73,3,1,0
BRF:8
BRH:0
end_of_record
TN:
SF:users/users-model.js
FN:15,getUsers
FN:26,findBy
FN:32,findById
FN:39,findPassByUser
FN:46,addUser
FNF:5
FNH:5
FNDA:1,getUsers
FNDA:6,findBy
FNDA:7,findById
FNDA:8,findPassByUser
FNDA:6,addUser
DA:3,3
DA:4,3
DA:6,3
DA:16,1
DA:27,6
DA:33,7
DA:40,8
DA:47,6
DA:48,6
DA:50,5
LF:10
LH:10
BRF:0
BRH:0
end_of_record
